[0.013s] Invoking command in '/home/rena/ros2_ws/build/custom_msgs': CMAKE_PREFIX_PATH=${CMAKE_PREFIX_PATH}:/opt/ros/jazzy DEBUGINFOD_URLS=https://debuginfod.ubuntu.com PS1=\[\e]0;\u@\h: \w\a\]${debian_chroot:+($debian_chroot)}\[\033[01;32m\]\u@\h\[\033[00m\]:\[\033[01;34m\]\w\[\033[00m\]\$ /usr/bin/cmake /home/rena/ros2_ws/src/custom_msgs -DCMAKE_INSTALL_PREFIX=/home/rena/ros2_ws/install/custom_msgs
[0.166s] -- The C compiler identification is GNU 13.3.0
[0.301s] -- The CXX compiler identification is GNU 13.3.0
[0.332s] -- Detecting C compiler ABI info
[0.457s] -- Detecting C compiler ABI info - done
[0.471s] -- Check for working C compiler: /usr/bin/cc - skipped
[0.472s] -- Detecting C compile features
[0.472s] -- Detecting C compile features - done
[0.487s] -- Detecting CXX compiler ABI info
[0.633s] -- Detecting CXX compiler ABI info - done
[0.646s] -- Check for working CXX compiler: /usr/bin/c++ - skipped
[0.646s] -- Detecting CXX compile features
[0.647s] -- Detecting CXX compile features - done
[0.652s] -- Found ament_cmake: 2.5.4 (/opt/ros/jazzy/share/ament_cmake/cmake)
[0.859s] -- Found Python3: /usr/bin/python3 (found version "3.12.3") found components: Interpreter 
[1.021s] -- Found rosidl_default_generators: 1.6.0 (/opt/ros/jazzy/share/rosidl_default_generators/cmake)
[1.029s] -- Using all available rosidl_typesupport_c: rosidl_typesupport_fastrtps_c;rosidl_typesupport_introspection_c
[1.097s] -- Using all available rosidl_typesupport_cpp: rosidl_typesupport_fastrtps_cpp;rosidl_typesupport_introspection_cpp
[1.157s] -- Found rosidl_adapter: 4.6.6 (/opt/ros/jazzy/share/rosidl_adapter/cmake)
[1.161s] -- Found ament_lint_auto: 0.17.3 (/opt/ros/jazzy/share/ament_lint_auto/cmake)
[2.005s] -- Found ament_cmake_ros: 0.12.0 (/opt/ros/jazzy/share/ament_cmake_ros/cmake)
[2.630s] -- Using all available rosidl_typesupport_c: rosidl_typesupport_fastrtps_c;rosidl_typesupport_introspection_c
[3.470s] -- Using all available rosidl_typesupport_cpp: rosidl_typesupport_fastrtps_cpp;rosidl_typesupport_introspection_cpp
[3.487s] -- Found python_cmake_module: 0.11.1 (/opt/ros/jazzy/share/python_cmake_module/cmake)
[3.680s] -- Found PythonExtra: /usr/bin/python3  
[4.329s] -- Found Python3: /usr/bin/python3 (found version "3.12.3") found components: Interpreter Development NumPy Development.Module Development.Embed 
[4.395s] -- Added test 'lint_cmake' to check CMake code style
[4.397s] -- Added test 'xmllint' to check XML markup files
[4.405s] -- Configuring done (4.4s)
[4.440s] -- Generating done (0.0s)
[4.452s] -- Build files have been written to: /home/rena/ros2_ws/build/custom_msgs
[4.460s] Invoked command in '/home/rena/ros2_ws/build/custom_msgs' returned '0': CMAKE_PREFIX_PATH=${CMAKE_PREFIX_PATH}:/opt/ros/jazzy DEBUGINFOD_URLS=https://debuginfod.ubuntu.com PS1=\[\e]0;\u@\h: \w\a\]${debian_chroot:+($debian_chroot)}\[\033[01;32m\]\u@\h\[\033[00m\]:\[\033[01;34m\]\w\[\033[00m\]\$ /usr/bin/cmake /home/rena/ros2_ws/src/custom_msgs -DCMAKE_INSTALL_PREFIX=/home/rena/ros2_ws/install/custom_msgs
[4.462s] Invoking command in '/home/rena/ros2_ws/build/custom_msgs': CMAKE_PREFIX_PATH=${CMAKE_PREFIX_PATH}:/opt/ros/jazzy DEBUGINFOD_URLS=https://debuginfod.ubuntu.com PS1=\[\e]0;\u@\h: \w\a\]${debian_chroot:+($debian_chroot)}\[\033[01;32m\]\u@\h\[\033[00m\]:\[\033[01;34m\]\w\[\033[00m\]\$ /usr/bin/cmake --build /home/rena/ros2_ws/build/custom_msgs -- -j12 -l12
[4.537s] [  2%] [34m[1mGenerating type hashes for ROS interfaces[0m
[4.552s] [  2%] Built target ament_cmake_python_copy_custom_msgs
[4.799s] running egg_info
[4.801s] creating custom_msgs.egg-info
[4.803s] [  2%] Built target custom_msgs__rosidl_generator_type_description
[4.816s] [  4%] [34m[1mGenerating C code for ROS interfaces[0m
[4.819s] writing custom_msgs.egg-info/PKG-INFO
[4.819s] writing dependency_links to custom_msgs.egg-info/dependency_links.txt
[4.820s] writing top-level names to custom_msgs.egg-info/top_level.txt
[4.820s] writing manifest file 'custom_msgs.egg-info/SOURCES.txt'
[4.838s] [  6%] [34m[1mGenerating C++ code for ROS interfaces[0m
[4.875s] reading manifest file 'custom_msgs.egg-info/SOURCES.txt'
[4.876s] writing manifest file 'custom_msgs.egg-info/SOURCES.txt'
[4.913s] [  6%] Built target ament_cmake_python_build_custom_msgs_egg
[5.185s] [  6%] Built target custom_msgs__cpp
[5.206s] [ 11%] [32mBuilding C object CMakeFiles/custom_msgs__rosidl_generator_c.dir/rosidl_generator_c/custom_msgs/msg/detail/telemetry__functions.c.o[0m
[5.206s] [ 11%] [32mBuilding C object CMakeFiles/custom_msgs__rosidl_generator_c.dir/rosidl_generator_c/custom_msgs/msg/detail/telemetry__type_support.c.o[0m
[5.207s] [ 13%] [32mBuilding C object CMakeFiles/custom_msgs__rosidl_generator_c.dir/rosidl_generator_c/custom_msgs/msg/detail/commands__description.c.o[0m
[5.208s] [ 15%] [32mBuilding C object CMakeFiles/custom_msgs__rosidl_generator_c.dir/rosidl_generator_c/custom_msgs/msg/detail/commands__functions.c.o[0m
[5.208s] [ 18%] [32mBuilding C object CMakeFiles/custom_msgs__rosidl_generator_c.dir/rosidl_generator_c/custom_msgs/msg/detail/commands__type_support.c.o[0m
[5.208s] [ 20%] [32mBuilding C object CMakeFiles/custom_msgs__rosidl_generator_c.dir/rosidl_generator_c/custom_msgs/msg/detail/telemetry__description.c.o[0m
[5.297s] [ 22%] [32m[1mLinking C shared library libcustom_msgs__rosidl_generator_c.so[0m
[5.350s] [ 22%] Built target custom_msgs__rosidl_generator_c
[5.365s] [ 27%] [34m[1mGenerating C++ type support dispatch for ROS interfaces[0m
[5.365s] [ 27%] [34m[1mGenerating C++ introspection for ROS interfaces[0m
[5.368s] [ 29%] [34m[1mGenerating C type support for eProsima Fast-RTPS[0m
[5.368s] [ 31%] [34m[1mGenerating C type support dispatch for ROS interfaces[0m
[5.369s] [ 34%] [34m[1mGenerating C introspection for ROS interfaces[0m
[5.369s] [ 36%] [34m[1mGenerating C++ type support for eProsima Fast-RTPS[0m
[5.715s] [ 40%] [32mBuilding CXX object CMakeFiles/custom_msgs__rosidl_typesupport_introspection_cpp.dir/rosidl_typesupport_introspection_cpp/custom_msgs/msg/detail/commands__type_support.cpp.o[0m
[5.716s] [ 40%] [32mBuilding CXX object CMakeFiles/custom_msgs__rosidl_typesupport_introspection_cpp.dir/rosidl_typesupport_introspection_cpp/custom_msgs/msg/detail/telemetry__type_support.cpp.o[0m
[5.756s] [ 43%] [32mBuilding CXX object CMakeFiles/custom_msgs__rosidl_typesupport_c.dir/rosidl_typesupport_c/custom_msgs/msg/commands__type_support.cpp.o[0m
[5.762s] [ 45%] [32mBuilding CXX object CMakeFiles/custom_msgs__rosidl_typesupport_c.dir/rosidl_typesupport_c/custom_msgs/msg/telemetry__type_support.cpp.o[0m
[5.783s] [ 47%] [32mBuilding CXX object CMakeFiles/custom_msgs__rosidl_typesupport_fastrtps_c.dir/rosidl_typesupport_fastrtps_c/custom_msgs/msg/detail/commands__type_support_c.cpp.o[0m
[5.791s] [ 50%] [32mBuilding CXX object CMakeFiles/custom_msgs__rosidl_typesupport_fastrtps_c.dir/rosidl_typesupport_fastrtps_c/custom_msgs/msg/detail/telemetry__type_support_c.cpp.o[0m
[5.830s] [ 52%] [32m[1mLinking CXX shared library libcustom_msgs__rosidl_typesupport_c.so[0m
[5.877s] [ 56%] [32mBuilding CXX object CMakeFiles/custom_msgs__rosidl_typesupport_cpp.dir/rosidl_typesupport_cpp/custom_msgs/msg/commands__type_support.cpp.o[0m
[5.877s] [ 56%] [32mBuilding CXX object CMakeFiles/custom_msgs__rosidl_typesupport_cpp.dir/rosidl_typesupport_cpp/custom_msgs/msg/telemetry__type_support.cpp.o[0m
[5.889s] [ 56%] Built target custom_msgs__rosidl_typesupport_c
[5.911s] [ 59%] [32mBuilding C object CMakeFiles/custom_msgs__rosidl_typesupport_introspection_c.dir/rosidl_typesupport_introspection_c/custom_msgs/msg/detail/telemetry__type_support.c.o[0m
[5.914s] [ 61%] [32mBuilding C object CMakeFiles/custom_msgs__rosidl_typesupport_introspection_c.dir/rosidl_typesupport_introspection_c/custom_msgs/msg/detail/commands__type_support.c.o[0m
[5.971s] [ 63%] [32m[1mLinking C shared library libcustom_msgs__rosidl_typesupport_introspection_c.so[0m
[5.992s] [ 68%] [32mBuilding CXX object CMakeFiles/custom_msgs__rosidl_typesupport_fastrtps_cpp.dir/rosidl_typesupport_fastrtps_cpp/custom_msgs/msg/detail/dds_fastrtps/commands__type_support.cpp.o[0m
[5.992s] [ 68%] [32mBuilding CXX object CMakeFiles/custom_msgs__rosidl_typesupport_fastrtps_cpp.dir/rosidl_typesupport_fastrtps_cpp/custom_msgs/msg/detail/dds_fastrtps/telemetry__type_support.cpp.o[0m
[6.013s] [ 68%] Built target custom_msgs__rosidl_typesupport_introspection_c
[6.418s] [ 70%] [32m[1mLinking CXX shared library libcustom_msgs__rosidl_typesupport_introspection_cpp.so[0m
[6.503s] [ 70%] Built target custom_msgs__rosidl_typesupport_introspection_cpp
[6.552s] [ 72%] [32m[1mLinking CXX shared library libcustom_msgs__rosidl_typesupport_cpp.so[0m
[6.607s] [ 72%] Built target custom_msgs__rosidl_typesupport_cpp
[6.641s] [ 75%] [32m[1mLinking CXX shared library libcustom_msgs__rosidl_typesupport_fastrtps_c.so[0m
[6.706s] [ 75%] Built target custom_msgs__rosidl_typesupport_fastrtps_c
[6.807s] [ 77%] [32m[1mLinking CXX shared library libcustom_msgs__rosidl_typesupport_fastrtps_cpp.so[0m
[6.873s] [ 77%] Built target custom_msgs__rosidl_typesupport_fastrtps_cpp
[6.901s] [ 77%] Built target custom_msgs
[6.929s] [ 79%] [34m[1mGenerating Python code for ROS interfaces[0m
[7.321s] [ 79%] Built target custom_msgs__py
[7.350s] [ 81%] [32mBuilding C object CMakeFiles/custom_msgs__rosidl_generator_py.dir/rosidl_generator_py/custom_msgs/msg/_commands_s.c.o[0m
[7.353s] [ 84%] [32mBuilding C object CMakeFiles/custom_msgs__rosidl_generator_py.dir/rosidl_generator_py/custom_msgs/msg/_telemetry_s.c.o[0m
[7.528s] [ 86%] [32m[1mLinking C shared library libcustom_msgs__rosidl_generator_py.so[0m
[7.588s] [ 86%] Built target custom_msgs__rosidl_generator_py
[7.625s] [ 88%] [32mBuilding C object CMakeFiles/custom_msgs_s__rosidl_typesupport_fastrtps_c.dir/rosidl_generator_py/custom_msgs/_custom_msgs_s.ep.rosidl_typesupport_fastrtps_c.c.o[0m
[7.626s] [ 93%] [32mBuilding C object CMakeFiles/custom_msgs_s__rosidl_typesupport_introspection_c.dir/rosidl_generator_py/custom_msgs/_custom_msgs_s.ep.rosidl_typesupport_introspection_c.c.o[0m
[7.626s] [ 93%] [32mBuilding C object CMakeFiles/custom_msgs_s__rosidl_typesupport_c.dir/rosidl_generator_py/custom_msgs/_custom_msgs_s.ep.rosidl_typesupport_c.c.o[0m
[7.756s] [ 95%] [32m[1mLinking C shared module rosidl_generator_py/custom_msgs/custom_msgs_s__rosidl_typesupport_introspection_c.so[0m
[7.758s] [ 97%] [32m[1mLinking C shared module rosidl_generator_py/custom_msgs/custom_msgs_s__rosidl_typesupport_fastrtps_c.so[0m
[7.797s] [ 97%] Built target custom_msgs_s__rosidl_typesupport_introspection_c
[7.807s] [ 97%] Built target custom_msgs_s__rosidl_typesupport_fastrtps_c
[7.808s] [100%] [32m[1mLinking C shared module rosidl_generator_py/custom_msgs/custom_msgs_s__rosidl_typesupport_c.so[0m
[7.857s] [100%] Built target custom_msgs_s__rosidl_typesupport_c
[7.874s] Invoked command in '/home/rena/ros2_ws/build/custom_msgs' returned '0': CMAKE_PREFIX_PATH=${CMAKE_PREFIX_PATH}:/opt/ros/jazzy DEBUGINFOD_URLS=https://debuginfod.ubuntu.com PS1=\[\e]0;\u@\h: \w\a\]${debian_chroot:+($debian_chroot)}\[\033[01;32m\]\u@\h\[\033[00m\]:\[\033[01;34m\]\w\[\033[00m\]\$ /usr/bin/cmake --build /home/rena/ros2_ws/build/custom_msgs -- -j12 -l12
[7.889s] Invoking command in '/home/rena/ros2_ws/build/custom_msgs': CMAKE_PREFIX_PATH=${CMAKE_PREFIX_PATH}:/opt/ros/jazzy DEBUGINFOD_URLS=https://debuginfod.ubuntu.com PS1=\[\e]0;\u@\h: \w\a\]${debian_chroot:+($debian_chroot)}\[\033[01;32m\]\u@\h\[\033[00m\]:\[\033[01;34m\]\w\[\033[00m\]\$ /usr/bin/cmake --install /home/rena/ros2_ws/build/custom_msgs
[7.901s] -- Install configuration: ""
[7.902s] -- Installing: /home/rena/ros2_ws/install/custom_msgs/share/ament_index/resource_index/rosidl_interfaces/custom_msgs
[7.902s] -- Installing: /home/rena/ros2_ws/install/custom_msgs/share/custom_msgs/msg/Commands.json
[7.902s] -- Installing: /home/rena/ros2_ws/install/custom_msgs/share/custom_msgs/msg/Telemetry.json
[7.903s] -- Installing: /home/rena/ros2_ws/install/custom_msgs/include/custom_msgs/custom_msgs
[7.903s] -- Installing: /home/rena/ros2_ws/install/custom_msgs/include/custom_msgs/custom_msgs/msg
[7.903s] -- Installing: /home/rena/ros2_ws/install/custom_msgs/include/custom_msgs/custom_msgs/msg/detail
[7.903s] -- Installing: /home/rena/ros2_ws/install/custom_msgs/include/custom_msgs/custom_msgs/msg/detail/telemetry__functions.h
[7.903s] -- Installing: /home/rena/ros2_ws/install/custom_msgs/include/custom_msgs/custom_msgs/msg/detail/commands__functions.c
[7.904s] -- Installing: /home/rena/ros2_ws/install/custom_msgs/include/custom_msgs/custom_msgs/msg/detail/telemetry__type_support.h
[7.904s] -- Installing: /home/rena/ros2_ws/install/custom_msgs/include/custom_msgs/custom_msgs/msg/detail/commands__struct.h
[7.904s] -- Installing: /home/rena/ros2_ws/install/custom_msgs/include/custom_msgs/custom_msgs/msg/detail/telemetry__type_support.c
[7.904s] -- Installing: /home/rena/ros2_ws/install/custom_msgs/include/custom_msgs/custom_msgs/msg/detail/commands__type_support.h
[7.904s] -- Installing: /home/rena/ros2_ws/install/custom_msgs/include/custom_msgs/custom_msgs/msg/detail/telemetry__functions.c
[7.904s] -- Installing: /home/rena/ros2_ws/install/custom_msgs/include/custom_msgs/custom_msgs/msg/detail/telemetry__struct.h
[7.904s] -- Installing: /home/rena/ros2_ws/install/custom_msgs/include/custom_msgs/custom_msgs/msg/detail/commands__description.c
[7.905s] -- Installing: /home/rena/ros2_ws/install/custom_msgs/include/custom_msgs/custom_msgs/msg/detail/telemetry__description.c
[7.905s] -- Installing: /home/rena/ros2_ws/install/custom_msgs/include/custom_msgs/custom_msgs/msg/detail/commands__functions.h
[7.905s] -- Installing: /home/rena/ros2_ws/install/custom_msgs/include/custom_msgs/custom_msgs/msg/detail/commands__type_support.c
[7.905s] -- Installing: /home/rena/ros2_ws/install/custom_msgs/include/custom_msgs/custom_msgs/msg/rosidl_generator_c__visibility_control.h
[7.905s] -- Installing: /home/rena/ros2_ws/install/custom_msgs/include/custom_msgs/custom_msgs/msg/telemetry.h
[7.905s] -- Installing: /home/rena/ros2_ws/install/custom_msgs/include/custom_msgs/custom_msgs/msg/commands.h
[7.906s] -- Installing: /home/rena/ros2_ws/install/custom_msgs/share/custom_msgs/environment/library_path.sh
[7.906s] -- Installing: /home/rena/ros2_ws/install/custom_msgs/share/custom_msgs/environment/library_path.dsv
[7.906s] -- Installing: /home/rena/ros2_ws/install/custom_msgs/lib/libcustom_msgs__rosidl_generator_c.so
[7.906s] -- Set non-toolchain portion of runtime path of "/home/rena/ros2_ws/install/custom_msgs/lib/libcustom_msgs__rosidl_generator_c.so" to ""
[7.906s] -- Up-to-date: /home/rena/ros2_ws/install/custom_msgs/include/custom_msgs/custom_msgs
[7.906s] -- Up-to-date: /home/rena/ros2_ws/install/custom_msgs/include/custom_msgs/custom_msgs/msg
[7.906s] -- Up-to-date: /home/rena/ros2_ws/install/custom_msgs/include/custom_msgs/custom_msgs/msg/detail
[7.907s] -- Installing: /home/rena/ros2_ws/install/custom_msgs/include/custom_msgs/custom_msgs/msg/detail/commands__rosidl_typesupport_fastrtps_c.h
[7.907s] -- Installing: /home/rena/ros2_ws/install/custom_msgs/include/custom_msgs/custom_msgs/msg/detail/telemetry__rosidl_typesupport_fastrtps_c.h
[7.907s] -- Installing: /home/rena/ros2_ws/install/custom_msgs/include/custom_msgs/custom_msgs/msg/rosidl_typesupport_fastrtps_c__visibility_control.h
[7.907s] -- Installing: /home/rena/ros2_ws/install/custom_msgs/lib/libcustom_msgs__rosidl_typesupport_fastrtps_c.so
[7.907s] -- Set non-toolchain portion of runtime path of "/home/rena/ros2_ws/install/custom_msgs/lib/libcustom_msgs__rosidl_typesupport_fastrtps_c.so" to ""
[7.907s] -- Up-to-date: /home/rena/ros2_ws/install/custom_msgs/include/custom_msgs/custom_msgs
[7.908s] -- Up-to-date: /home/rena/ros2_ws/install/custom_msgs/include/custom_msgs/custom_msgs/msg
[7.908s] -- Up-to-date: /home/rena/ros2_ws/install/custom_msgs/include/custom_msgs/custom_msgs/msg/detail
[7.908s] -- Installing: /home/rena/ros2_ws/install/custom_msgs/include/custom_msgs/custom_msgs/msg/detail/commands__rosidl_typesupport_introspection_c.h
[7.908s] -- Installing: /home/rena/ros2_ws/install/custom_msgs/include/custom_msgs/custom_msgs/msg/detail/telemetry__type_support.c
[7.908s] -- Installing: /home/rena/ros2_ws/install/custom_msgs/include/custom_msgs/custom_msgs/msg/detail/telemetry__rosidl_typesupport_introspection_c.h
[7.908s] -- Installing: /home/rena/ros2_ws/install/custom_msgs/include/custom_msgs/custom_msgs/msg/detail/commands__type_support.c
[7.909s] -- Installing: /home/rena/ros2_ws/install/custom_msgs/include/custom_msgs/custom_msgs/msg/rosidl_typesupport_introspection_c__visibility_control.h
[7.909s] -- Installing: /home/rena/ros2_ws/install/custom_msgs/lib/libcustom_msgs__rosidl_typesupport_introspection_c.so
[7.909s] -- Set non-toolchain portion of runtime path of "/home/rena/ros2_ws/install/custom_msgs/lib/libcustom_msgs__rosidl_typesupport_introspection_c.so" to ""
[7.909s] -- Installing: /home/rena/ros2_ws/install/custom_msgs/lib/libcustom_msgs__rosidl_typesupport_c.so
[7.909s] -- Set non-toolchain portion of runtime path of "/home/rena/ros2_ws/install/custom_msgs/lib/libcustom_msgs__rosidl_typesupport_c.so" to ""
[7.909s] -- Up-to-date: /home/rena/ros2_ws/install/custom_msgs/include/custom_msgs/custom_msgs
[7.909s] -- Up-to-date: /home/rena/ros2_ws/install/custom_msgs/include/custom_msgs/custom_msgs/msg
[7.909s] -- Up-to-date: /home/rena/ros2_ws/install/custom_msgs/include/custom_msgs/custom_msgs/msg/detail
[7.910s] -- Installing: /home/rena/ros2_ws/install/custom_msgs/include/custom_msgs/custom_msgs/msg/detail/telemetry__type_support.hpp
[7.910s] -- Installing: /home/rena/ros2_ws/install/custom_msgs/include/custom_msgs/custom_msgs/msg/detail/telemetry__traits.hpp
[7.910s] -- Installing: /home/rena/ros2_ws/install/custom_msgs/include/custom_msgs/custom_msgs/msg/detail/commands__builder.hpp
[7.910s] -- Installing: /home/rena/ros2_ws/install/custom_msgs/include/custom_msgs/custom_msgs/msg/detail/commands__traits.hpp
[7.910s] -- Installing: /home/rena/ros2_ws/install/custom_msgs/include/custom_msgs/custom_msgs/msg/detail/commands__type_support.hpp
[7.910s] -- Installing: /home/rena/ros2_ws/install/custom_msgs/include/custom_msgs/custom_msgs/msg/detail/telemetry__struct.hpp
[7.911s] -- Installing: /home/rena/ros2_ws/install/custom_msgs/include/custom_msgs/custom_msgs/msg/detail/commands__struct.hpp
[7.911s] -- Installing: /home/rena/ros2_ws/install/custom_msgs/include/custom_msgs/custom_msgs/msg/detail/telemetry__builder.hpp
[7.911s] -- Installing: /home/rena/ros2_ws/install/custom_msgs/include/custom_msgs/custom_msgs/msg/rosidl_generator_cpp__visibility_control.hpp
[7.911s] -- Installing: /home/rena/ros2_ws/install/custom_msgs/include/custom_msgs/custom_msgs/msg/telemetry.hpp
[7.911s] -- Installing: /home/rena/ros2_ws/install/custom_msgs/include/custom_msgs/custom_msgs/msg/commands.hpp
[7.911s] -- Up-to-date: /home/rena/ros2_ws/install/custom_msgs/include/custom_msgs/custom_msgs
[7.911s] -- Up-to-date: /home/rena/ros2_ws/install/custom_msgs/include/custom_msgs/custom_msgs/msg
[7.912s] -- Up-to-date: /home/rena/ros2_ws/install/custom_msgs/include/custom_msgs/custom_msgs/msg/detail
[7.912s] -- Installing: /home/rena/ros2_ws/install/custom_msgs/include/custom_msgs/custom_msgs/msg/detail/commands__rosidl_typesupport_fastrtps_cpp.hpp
[7.912s] -- Installing: /home/rena/ros2_ws/install/custom_msgs/include/custom_msgs/custom_msgs/msg/detail/telemetry__rosidl_typesupport_fastrtps_cpp.hpp
[7.912s] -- Installing: /home/rena/ros2_ws/install/custom_msgs/include/custom_msgs/custom_msgs/msg/detail/dds_fastrtps
[7.912s] -- Installing: /home/rena/ros2_ws/install/custom_msgs/include/custom_msgs/custom_msgs/msg/rosidl_typesupport_fastrtps_cpp__visibility_control.h
[7.912s] -- Installing: /home/rena/ros2_ws/install/custom_msgs/lib/libcustom_msgs__rosidl_typesupport_fastrtps_cpp.so
[7.912s] -- Set non-toolchain portion of runtime path of "/home/rena/ros2_ws/install/custom_msgs/lib/libcustom_msgs__rosidl_typesupport_fastrtps_cpp.so" to ""
[7.912s] -- Up-to-date: /home/rena/ros2_ws/install/custom_msgs/include/custom_msgs/custom_msgs
[7.912s] -- Up-to-date: /home/rena/ros2_ws/install/custom_msgs/include/custom_msgs/custom_msgs/msg
[7.912s] -- Up-to-date: /home/rena/ros2_ws/install/custom_msgs/include/custom_msgs/custom_msgs/msg/detail
[7.913s] -- Installing: /home/rena/ros2_ws/install/custom_msgs/include/custom_msgs/custom_msgs/msg/detail/commands__type_support.cpp
[7.913s] -- Installing: /home/rena/ros2_ws/install/custom_msgs/include/custom_msgs/custom_msgs/msg/detail/telemetry__rosidl_typesupport_introspection_cpp.hpp
[7.913s] -- Installing: /home/rena/ros2_ws/install/custom_msgs/include/custom_msgs/custom_msgs/msg/detail/commands__rosidl_typesupport_introspection_cpp.hpp
[7.913s] -- Installing: /home/rena/ros2_ws/install/custom_msgs/include/custom_msgs/custom_msgs/msg/detail/telemetry__type_support.cpp
[7.913s] -- Installing: /home/rena/ros2_ws/install/custom_msgs/lib/libcustom_msgs__rosidl_typesupport_introspection_cpp.so
[7.913s] -- Set non-toolchain portion of runtime path of "/home/rena/ros2_ws/install/custom_msgs/lib/libcustom_msgs__rosidl_typesupport_introspection_cpp.so" to ""
[7.913s] -- Installing: /home/rena/ros2_ws/install/custom_msgs/lib/libcustom_msgs__rosidl_typesupport_cpp.so
[7.913s] -- Set non-toolchain portion of runtime path of "/home/rena/ros2_ws/install/custom_msgs/lib/libcustom_msgs__rosidl_typesupport_cpp.so" to ""
[7.913s] -- Installing: /home/rena/ros2_ws/install/custom_msgs/share/custom_msgs/environment/pythonpath.sh
[7.913s] -- Installing: /home/rena/ros2_ws/install/custom_msgs/share/custom_msgs/environment/pythonpath.dsv
[7.913s] -- Installing: /home/rena/ros2_ws/install/custom_msgs/lib/python3.12/site-packages/custom_msgs-0.0.0-py3.12.egg-info
[7.913s] -- Installing: /home/rena/ros2_ws/install/custom_msgs/lib/python3.12/site-packages/custom_msgs-0.0.0-py3.12.egg-info/top_level.txt
[7.913s] -- Installing: /home/rena/ros2_ws/install/custom_msgs/lib/python3.12/site-packages/custom_msgs-0.0.0-py3.12.egg-info/dependency_links.txt
[7.913s] -- Installing: /home/rena/ros2_ws/install/custom_msgs/lib/python3.12/site-packages/custom_msgs-0.0.0-py3.12.egg-info/PKG-INFO
[7.913s] -- Installing: /home/rena/ros2_ws/install/custom_msgs/lib/python3.12/site-packages/custom_msgs-0.0.0-py3.12.egg-info/SOURCES.txt
[7.914s] -- Installing: /home/rena/ros2_ws/install/custom_msgs/lib/python3.12/site-packages/custom_msgs
[7.914s] -- Installing: /home/rena/ros2_ws/install/custom_msgs/lib/python3.12/site-packages/custom_msgs/__init__.py
[7.914s] -- Installing: /home/rena/ros2_ws/install/custom_msgs/lib/python3.12/site-packages/custom_msgs/custom_msgs_s__rosidl_typesupport_c.so
[7.914s] -- Installing: /home/rena/ros2_ws/install/custom_msgs/lib/python3.12/site-packages/custom_msgs/custom_msgs_s__rosidl_typesupport_fastrtps_c.so
[7.914s] -- Installing: /home/rena/ros2_ws/install/custom_msgs/lib/python3.12/site-packages/custom_msgs/custom_msgs_s__rosidl_typesupport_introspection_c.so
[7.914s] -- Installing: /home/rena/ros2_ws/install/custom_msgs/lib/python3.12/site-packages/custom_msgs/_custom_msgs_s.ep.rosidl_typesupport_c.c
[7.914s] -- Installing: /home/rena/ros2_ws/install/custom_msgs/lib/python3.12/site-packages/custom_msgs/_custom_msgs_s.ep.rosidl_typesupport_introspection_c.c
[7.914s] -- Installing: /home/rena/ros2_ws/install/custom_msgs/lib/python3.12/site-packages/custom_msgs/_custom_msgs_s.ep.rosidl_typesupport_fastrtps_c.c
[7.914s] -- Installing: /home/rena/ros2_ws/install/custom_msgs/lib/python3.12/site-packages/custom_msgs/msg
[7.914s] -- Installing: /home/rena/ros2_ws/install/custom_msgs/lib/python3.12/site-packages/custom_msgs/msg/__init__.py
[7.914s] -- Installing: /home/rena/ros2_ws/install/custom_msgs/lib/python3.12/site-packages/custom_msgs/msg/_telemetry_s.c
[7.914s] -- Installing: /home/rena/ros2_ws/install/custom_msgs/lib/python3.12/site-packages/custom_msgs/msg/_telemetry.py
[7.914s] -- Installing: /home/rena/ros2_ws/install/custom_msgs/lib/python3.12/site-packages/custom_msgs/msg/_commands_s.c
[7.914s] -- Installing: /home/rena/ros2_ws/install/custom_msgs/lib/python3.12/site-packages/custom_msgs/msg/_commands.py
[7.966s] Listing '/home/rena/ros2_ws/install/custom_msgs/lib/python3.12/site-packages/custom_msgs'...
[7.966s] Compiling '/home/rena/ros2_ws/install/custom_msgs/lib/python3.12/site-packages/custom_msgs/__init__.py'...
[7.966s] Listing '/home/rena/ros2_ws/install/custom_msgs/lib/python3.12/site-packages/custom_msgs/msg'...
[7.966s] Compiling '/home/rena/ros2_ws/install/custom_msgs/lib/python3.12/site-packages/custom_msgs/msg/__init__.py'...
[7.967s] Compiling '/home/rena/ros2_ws/install/custom_msgs/lib/python3.12/site-packages/custom_msgs/msg/_commands.py'...
[7.967s] Compiling '/home/rena/ros2_ws/install/custom_msgs/lib/python3.12/site-packages/custom_msgs/msg/_telemetry.py'...
[7.973s] -- Installing: /home/rena/ros2_ws/install/custom_msgs/lib/python3.12/site-packages/custom_msgs/custom_msgs_s__rosidl_typesupport_fastrtps_c.so
[7.973s] -- Set non-toolchain portion of runtime path of "/home/rena/ros2_ws/install/custom_msgs/lib/python3.12/site-packages/custom_msgs/custom_msgs_s__rosidl_typesupport_fastrtps_c.so" to ""
[7.974s] -- Installing: /home/rena/ros2_ws/install/custom_msgs/lib/python3.12/site-packages/custom_msgs/custom_msgs_s__rosidl_typesupport_introspection_c.so
[7.974s] -- Set non-toolchain portion of runtime path of "/home/rena/ros2_ws/install/custom_msgs/lib/python3.12/site-packages/custom_msgs/custom_msgs_s__rosidl_typesupport_introspection_c.so" to ""
[7.974s] -- Installing: /home/rena/ros2_ws/install/custom_msgs/lib/python3.12/site-packages/custom_msgs/custom_msgs_s__rosidl_typesupport_c.so
[7.974s] -- Set non-toolchain portion of runtime path of "/home/rena/ros2_ws/install/custom_msgs/lib/python3.12/site-packages/custom_msgs/custom_msgs_s__rosidl_typesupport_c.so" to ""
[7.974s] -- Installing: /home/rena/ros2_ws/install/custom_msgs/lib/libcustom_msgs__rosidl_generator_py.so
[7.975s] -- Set non-toolchain portion of runtime path of "/home/rena/ros2_ws/install/custom_msgs/lib/libcustom_msgs__rosidl_generator_py.so" to ""
[7.975s] -- Installing: /home/rena/ros2_ws/install/custom_msgs/share/custom_msgs/msg/Commands.idl
[7.975s] -- Installing: /home/rena/ros2_ws/install/custom_msgs/share/custom_msgs/msg/Telemetry.idl
[7.975s] -- Installing: /home/rena/ros2_ws/install/custom_msgs/share/custom_msgs/msg/Commands.msg
[7.975s] -- Installing: /home/rena/ros2_ws/install/custom_msgs/share/custom_msgs/msg/Telemetry.msg
[7.975s] -- Installing: /home/rena/ros2_ws/install/custom_msgs/share/ament_index/resource_index/package_run_dependencies/custom_msgs
[7.975s] -- Installing: /home/rena/ros2_ws/install/custom_msgs/share/ament_index/resource_index/parent_prefix_path/custom_msgs
[7.976s] -- Installing: /home/rena/ros2_ws/install/custom_msgs/share/custom_msgs/environment/ament_prefix_path.sh
[7.976s] -- Installing: /home/rena/ros2_ws/install/custom_msgs/share/custom_msgs/environment/ament_prefix_path.dsv
[7.976s] -- Installing: /home/rena/ros2_ws/install/custom_msgs/share/custom_msgs/environment/path.sh
[7.976s] -- Installing: /home/rena/ros2_ws/install/custom_msgs/share/custom_msgs/environment/path.dsv
[7.976s] -- Installing: /home/rena/ros2_ws/install/custom_msgs/share/custom_msgs/local_setup.bash
[7.976s] -- Installing: /home/rena/ros2_ws/install/custom_msgs/share/custom_msgs/local_setup.sh
[7.976s] -- Installing: /home/rena/ros2_ws/install/custom_msgs/share/custom_msgs/local_setup.zsh
[7.977s] -- Installing: /home/rena/ros2_ws/install/custom_msgs/share/custom_msgs/local_setup.dsv
[7.977s] -- Installing: /home/rena/ros2_ws/install/custom_msgs/share/custom_msgs/package.dsv
[7.977s] -- Installing: /home/rena/ros2_ws/install/custom_msgs/share/ament_index/resource_index/packages/custom_msgs
[7.977s] -- Installing: /home/rena/ros2_ws/install/custom_msgs/share/custom_msgs/cmake/export_custom_msgs__rosidl_generator_cExport.cmake
[7.977s] -- Installing: /home/rena/ros2_ws/install/custom_msgs/share/custom_msgs/cmake/export_custom_msgs__rosidl_generator_cExport-noconfig.cmake
[7.977s] -- Installing: /home/rena/ros2_ws/install/custom_msgs/share/custom_msgs/cmake/export_custom_msgs__rosidl_typesupport_fastrtps_cExport.cmake
[7.978s] -- Installing: /home/rena/ros2_ws/install/custom_msgs/share/custom_msgs/cmake/export_custom_msgs__rosidl_typesupport_fastrtps_cExport-noconfig.cmake
[7.978s] -- Installing: /home/rena/ros2_ws/install/custom_msgs/share/custom_msgs/cmake/custom_msgs__rosidl_typesupport_introspection_cExport.cmake
[7.978s] -- Installing: /home/rena/ros2_ws/install/custom_msgs/share/custom_msgs/cmake/custom_msgs__rosidl_typesupport_introspection_cExport-noconfig.cmake
[7.978s] -- Installing: /home/rena/ros2_ws/install/custom_msgs/share/custom_msgs/cmake/custom_msgs__rosidl_typesupport_cExport.cmake
[7.978s] -- Installing: /home/rena/ros2_ws/install/custom_msgs/share/custom_msgs/cmake/custom_msgs__rosidl_typesupport_cExport-noconfig.cmake
[7.978s] -- Installing: /home/rena/ros2_ws/install/custom_msgs/share/custom_msgs/cmake/export_custom_msgs__rosidl_generator_cppExport.cmake
[7.978s] -- Installing: /home/rena/ros2_ws/install/custom_msgs/share/custom_msgs/cmake/export_custom_msgs__rosidl_typesupport_fastrtps_cppExport.cmake
[7.978s] -- Installing: /home/rena/ros2_ws/install/custom_msgs/share/custom_msgs/cmake/export_custom_msgs__rosidl_typesupport_fastrtps_cppExport-noconfig.cmake
[7.979s] -- Installing: /home/rena/ros2_ws/install/custom_msgs/share/custom_msgs/cmake/custom_msgs__rosidl_typesupport_introspection_cppExport.cmake
[7.979s] -- Installing: /home/rena/ros2_ws/install/custom_msgs/share/custom_msgs/cmake/custom_msgs__rosidl_typesupport_introspection_cppExport-noconfig.cmake
[7.979s] -- Installing: /home/rena/ros2_ws/install/custom_msgs/share/custom_msgs/cmake/custom_msgs__rosidl_typesupport_cppExport.cmake
[7.979s] -- Installing: /home/rena/ros2_ws/install/custom_msgs/share/custom_msgs/cmake/custom_msgs__rosidl_typesupport_cppExport-noconfig.cmake
[7.979s] -- Installing: /home/rena/ros2_ws/install/custom_msgs/share/custom_msgs/cmake/export_custom_msgs__rosidl_generator_pyExport.cmake
[7.979s] -- Installing: /home/rena/ros2_ws/install/custom_msgs/share/custom_msgs/cmake/export_custom_msgs__rosidl_generator_pyExport-noconfig.cmake
[7.979s] -- Installing: /home/rena/ros2_ws/install/custom_msgs/share/custom_msgs/cmake/rosidl_cmake-extras.cmake
[7.979s] -- Installing: /home/rena/ros2_ws/install/custom_msgs/share/custom_msgs/cmake/ament_cmake_export_include_directories-extras.cmake
[7.980s] -- Installing: /home/rena/ros2_ws/install/custom_msgs/share/custom_msgs/cmake/ament_cmake_export_libraries-extras.cmake
[7.980s] -- Installing: /home/rena/ros2_ws/install/custom_msgs/share/custom_msgs/cmake/ament_cmake_export_targets-extras.cmake
[7.980s] -- Installing: /home/rena/ros2_ws/install/custom_msgs/share/custom_msgs/cmake/rosidl_cmake_export_typesupport_targets-extras.cmake
[7.980s] -- Installing: /home/rena/ros2_ws/install/custom_msgs/share/custom_msgs/cmake/ament_cmake_export_dependencies-extras.cmake
[7.980s] -- Installing: /home/rena/ros2_ws/install/custom_msgs/share/custom_msgs/cmake/rosidl_cmake_export_typesupport_libraries-extras.cmake
[7.980s] -- Installing: /home/rena/ros2_ws/install/custom_msgs/share/custom_msgs/cmake/custom_msgsConfig.cmake
[7.980s] -- Installing: /home/rena/ros2_ws/install/custom_msgs/share/custom_msgs/cmake/custom_msgsConfig-version.cmake
[7.980s] -- Installing: /home/rena/ros2_ws/install/custom_msgs/share/custom_msgs/package.xml
[7.996s] Invoked command in '/home/rena/ros2_ws/build/custom_msgs' returned '0': CMAKE_PREFIX_PATH=${CMAKE_PREFIX_PATH}:/opt/ros/jazzy DEBUGINFOD_URLS=https://debuginfod.ubuntu.com PS1=\[\e]0;\u@\h: \w\a\]${debian_chroot:+($debian_chroot)}\[\033[01;32m\]\u@\h\[\033[00m\]:\[\033[01;34m\]\w\[\033[00m\]\$ /usr/bin/cmake --install /home/rena/ros2_ws/build/custom_msgs
