-- Found ament_cmake: 2.5.4 (/opt/ros/jazzy/share/ament_cmake/cmake)
-- Found Python3: /usr/bin/python3 (found version "3.12.3") found components: Interpreter 
-- Found rosidl_default_generators: 1.6.0 (/opt/ros/jazzy/share/rosidl_default_generators/cmake)
-- Using all available rosidl_typesupport_c: rosidl_typesupport_fastrtps_c;rosidl_typesupport_introspection_c
-- Using all available rosidl_typesupport_cpp: rosidl_typesupport_fastrtps_cpp;rosidl_typesupport_introspection_cpp
-- Found rosidl_adapter: 4.6.6 (/opt/ros/jazzy/share/rosidl_adapter/cmake)
-- Found ament_lint_auto: 0.17.3 (/opt/ros/jazzy/share/ament_lint_auto/cmake)
-- Found ament_cmake_ros: 0.12.0 (/opt/ros/jazzy/share/ament_cmake_ros/cmake)
-- Using all available rosidl_typesupport_c: rosidl_typesupport_fastrtps_c;rosidl_typesupport_introspection_c
-- Using all available rosidl_typesupport_cpp: rosidl_typesupport_fastrtps_cpp;rosidl_typesupport_introspection_cpp
-- Found python_cmake_module: 0.11.1 (/opt/ros/jazzy/share/python_cmake_module/cmake)
-- Found Python3: /usr/bin/python3 (found version "3.12.3") found components: Interpreter Development NumPy Development.Module Development.Embed 
-- Added test 'lint_cmake' to check CMake code style
-- Added test 'xmllint' to check XML markup files
-- Configuring done (1.2s)
-- Generating done (0.0s)
-- Build files have been written to: /home/rena/ros2_ws/build/custom_msgs
[  2%] [34m[1mGenerating type hashes for ROS interfaces[0m
[  2%] Built target ament_cmake_python_copy_custom_msgs
[  2%] Built target custom_msgs__rosidl_generator_type_description
running egg_info
[  4%] [34m[1mGenerating C code for ROS interfaces[0m
writing custom_msgs.egg-info/PKG-INFO
writing dependency_links to custom_msgs.egg-info/dependency_links.txt
writing top-level names to custom_msgs.egg-info/top_level.txt
[  6%] [34m[1mGenerating C++ code for ROS interfaces[0m
reading manifest file 'custom_msgs.egg-info/SOURCES.txt'
writing manifest file 'custom_msgs.egg-info/SOURCES.txt'
[  6%] Built target ament_cmake_python_build_custom_msgs_egg
[  6%] Built target custom_msgs__cpp
[  9%] [32mBuilding C object CMakeFiles/custom_msgs__rosidl_generator_c.dir/rosidl_generator_c/custom_msgs/msg/detail/commands__description.c.o[0m
[ 11%] [32mBuilding C object CMakeFiles/custom_msgs__rosidl_generator_c.dir/rosidl_generator_c/custom_msgs/msg/detail/telemetry__functions.c.o[0m
[ 15%] [32mBuilding C object CMakeFiles/custom_msgs__rosidl_generator_c.dir/rosidl_generator_c/custom_msgs/msg/detail/commands__functions.c.o[0m
[ 15%] [32mBuilding C object CMakeFiles/custom_msgs__rosidl_generator_c.dir/rosidl_generator_c/custom_msgs/msg/detail/commands__type_support.c.o[0m
[ 18%] [32mBuilding C object CMakeFiles/custom_msgs__rosidl_generator_c.dir/rosidl_generator_c/custom_msgs/msg/detail/telemetry__description.c.o[0m
[ 20%] [32mBuilding C object CMakeFiles/custom_msgs__rosidl_generator_c.dir/rosidl_generator_c/custom_msgs/msg/detail/telemetry__type_support.c.o[0m
[ 22%] [32m[1mLinking C shared library libcustom_msgs__rosidl_generator_c.so[0m
[ 22%] Built target custom_msgs__rosidl_generator_c
[ 25%] [34m[1mGenerating C++ introspection for ROS interfaces[0m
[ 27%] [34m[1mGenerating C type support for eProsima Fast-RTPS[0m
[ 31%] [34m[1mGenerating C introspection for ROS interfaces[0m
[ 31%] [34m[1mGenerating C type support dispatch for ROS interfaces[0m
[ 34%] [34m[1mGenerating C++ type support dispatch for ROS interfaces[0m
[ 36%] [34m[1mGenerating C++ type support for eProsima Fast-RTPS[0m
[ 40%] [32mBuilding CXX object CMakeFiles/custom_msgs__rosidl_typesupport_c.dir/rosidl_typesupport_c/custom_msgs/msg/telemetry__type_support.cpp.o[0m
[ 40%] [32mBuilding CXX object CMakeFiles/custom_msgs__rosidl_typesupport_c.dir/rosidl_typesupport_c/custom_msgs/msg/commands__type_support.cpp.o[0m
[ 43%] [32mBuilding CXX object CMakeFiles/custom_msgs__rosidl_typesupport_fastrtps_c.dir/rosidl_typesupport_fastrtps_c/custom_msgs/msg/detail/commands__type_support_c.cpp.o[0m
[ 45%] [32mBuilding CXX object CMakeFiles/custom_msgs__rosidl_typesupport_fastrtps_c.dir/rosidl_typesupport_fastrtps_c/custom_msgs/msg/detail/telemetry__type_support_c.cpp.o[0m
[ 47%] [32m[1mLinking CXX shared library libcustom_msgs__rosidl_typesupport_c.so[0m
[ 50%] [32mBuilding CXX object CMakeFiles/custom_msgs__rosidl_typesupport_cpp.dir/rosidl_typesupport_cpp/custom_msgs/msg/commands__type_support.cpp.o[0m
[ 52%] [32mBuilding CXX object CMakeFiles/custom_msgs__rosidl_typesupport_cpp.dir/rosidl_typesupport_cpp/custom_msgs/msg/telemetry__type_support.cpp.o[0m
[ 52%] Built target custom_msgs__rosidl_typesupport_c
[ 54%] [32mBuilding C object CMakeFiles/custom_msgs__rosidl_typesupport_introspection_c.dir/rosidl_typesupport_introspection_c/custom_msgs/msg/detail/telemetry__type_support.c.o[0m
[ 59%] [32mBuilding CXX object CMakeFiles/custom_msgs__rosidl_typesupport_introspection_cpp.dir/rosidl_typesupport_introspection_cpp/custom_msgs/msg/detail/commands__type_support.cpp.o[0m
[ 59%] [32mBuilding CXX object CMakeFiles/custom_msgs__rosidl_typesupport_introspection_cpp.dir/rosidl_typesupport_introspection_cpp/custom_msgs/msg/detail/telemetry__type_support.cpp.o[0m
[ 61%] [32mBuilding C object CMakeFiles/custom_msgs__rosidl_typesupport_introspection_c.dir/rosidl_typesupport_introspection_c/custom_msgs/msg/detail/commands__type_support.c.o[0m
[ 63%] [32m[1mLinking C shared library libcustom_msgs__rosidl_typesupport_introspection_c.so[0m
[ 65%] [32mBuilding CXX object CMakeFiles/custom_msgs__rosidl_typesupport_fastrtps_cpp.dir/rosidl_typesupport_fastrtps_cpp/custom_msgs/msg/detail/dds_fastrtps/commands__type_support.cpp.o[0m
[ 68%] [32mBuilding CXX object CMakeFiles/custom_msgs__rosidl_typesupport_fastrtps_cpp.dir/rosidl_typesupport_fastrtps_cpp/custom_msgs/msg/detail/dds_fastrtps/telemetry__type_support.cpp.o[0m
[ 68%] Built target custom_msgs__rosidl_typesupport_introspection_c
[ 70%] [32m[1mLinking CXX shared library libcustom_msgs__rosidl_typesupport_cpp.so[0m
[ 72%] [32m[1mLinking CXX shared library libcustom_msgs__rosidl_typesupport_introspection_cpp.so[0m
[ 72%] Built target custom_msgs__rosidl_typesupport_cpp
[ 72%] Built target custom_msgs__rosidl_typesupport_introspection_cpp
[ 75%] [32m[1mLinking CXX shared library libcustom_msgs__rosidl_typesupport_fastrtps_c.so[0m
[ 77%] [32m[1mLinking CXX shared library libcustom_msgs__rosidl_typesupport_fastrtps_cpp.so[0m
[ 77%] Built target custom_msgs__rosidl_typesupport_fastrtps_c
[ 77%] Built target custom_msgs__rosidl_typesupport_fastrtps_cpp
[ 77%] Built target custom_msgs
[ 79%] [34m[1mGenerating Python code for ROS interfaces[0m
[ 79%] Built target custom_msgs__py
[ 81%] [32mBuilding C object CMakeFiles/custom_msgs__rosidl_generator_py.dir/rosidl_generator_py/custom_msgs/msg/_commands_s.c.o[0m
[ 84%] [32mBuilding C object CMakeFiles/custom_msgs__rosidl_generator_py.dir/rosidl_generator_py/custom_msgs/msg/_telemetry_s.c.o[0m
[ 86%] [32m[1mLinking C shared library libcustom_msgs__rosidl_generator_py.so[0m
[ 86%] Built target custom_msgs__rosidl_generator_py
[ 88%] [32mBuilding C object CMakeFiles/custom_msgs_s__rosidl_typesupport_fastrtps_c.dir/rosidl_generator_py/custom_msgs/_custom_msgs_s.ep.rosidl_typesupport_fastrtps_c.c.o[0m
[ 90%] [32mBuilding C object CMakeFiles/custom_msgs_s__rosidl_typesupport_introspection_c.dir/rosidl_generator_py/custom_msgs/_custom_msgs_s.ep.rosidl_typesupport_introspection_c.c.o[0m
[ 93%] [32mBuilding C object CMakeFiles/custom_msgs_s__rosidl_typesupport_c.dir/rosidl_generator_py/custom_msgs/_custom_msgs_s.ep.rosidl_typesupport_c.c.o[0m
[ 95%] [32m[1mLinking C shared module rosidl_generator_py/custom_msgs/custom_msgs_s__rosidl_typesupport_c.so[0m
[ 97%] [32m[1mLinking C shared module rosidl_generator_py/custom_msgs/custom_msgs_s__rosidl_typesupport_introspection_c.so[0m
[ 97%] Built target custom_msgs_s__rosidl_typesupport_c
[ 97%] Built target custom_msgs_s__rosidl_typesupport_introspection_c
[100%] [32m[1mLinking C shared module rosidl_generator_py/custom_msgs/custom_msgs_s__rosidl_typesupport_fastrtps_c.so[0m
[100%] Built target custom_msgs_s__rosidl_typesupport_fastrtps_c
-- Install configuration: ""
-- Up-to-date: /home/rena/ros2_ws/install/custom_msgs/share/ament_index/resource_index/rosidl_interfaces/custom_msgs
-- Installing: /home/rena/ros2_ws/install/custom_msgs/share/custom_msgs/msg/Commands.json
-- Installing: /home/rena/ros2_ws/install/custom_msgs/share/custom_msgs/msg/Telemetry.json
-- Up-to-date: /home/rena/ros2_ws/install/custom_msgs/include/custom_msgs/custom_msgs
-- Up-to-date: /home/rena/ros2_ws/install/custom_msgs/include/custom_msgs/custom_msgs/msg
-- Up-to-date: /home/rena/ros2_ws/install/custom_msgs/include/custom_msgs/custom_msgs/msg/detail
-- Installing: /home/rena/ros2_ws/install/custom_msgs/include/custom_msgs/custom_msgs/msg/detail/telemetry__functions.h
-- Installing: /home/rena/ros2_ws/install/custom_msgs/include/custom_msgs/custom_msgs/msg/detail/commands__functions.c
-- Installing: /home/rena/ros2_ws/install/custom_msgs/include/custom_msgs/custom_msgs/msg/detail/telemetry__type_support.h
-- Installing: /home/rena/ros2_ws/install/custom_msgs/include/custom_msgs/custom_msgs/msg/detail/commands__struct.h
-- Installing: /home/rena/ros2_ws/install/custom_msgs/include/custom_msgs/custom_msgs/msg/detail/telemetry__type_support.c
-- Installing: /home/rena/ros2_ws/install/custom_msgs/include/custom_msgs/custom_msgs/msg/detail/commands__type_support.h
-- Installing: /home/rena/ros2_ws/install/custom_msgs/include/custom_msgs/custom_msgs/msg/detail/telemetry__functions.c
-- Installing: /home/rena/ros2_ws/install/custom_msgs/include/custom_msgs/custom_msgs/msg/detail/telemetry__struct.h
-- Installing: /home/rena/ros2_ws/install/custom_msgs/include/custom_msgs/custom_msgs/msg/detail/commands__description.c
-- Installing: /home/rena/ros2_ws/install/custom_msgs/include/custom_msgs/custom_msgs/msg/detail/telemetry__description.c
-- Installing: /home/rena/ros2_ws/install/custom_msgs/include/custom_msgs/custom_msgs/msg/detail/commands__functions.h
-- Installing: /home/rena/ros2_ws/install/custom_msgs/include/custom_msgs/custom_msgs/msg/detail/commands__type_support.c
-- Up-to-date: /home/rena/ros2_ws/install/custom_msgs/include/custom_msgs/custom_msgs/msg/rosidl_generator_c__visibility_control.h
-- Installing: /home/rena/ros2_ws/install/custom_msgs/include/custom_msgs/custom_msgs/msg/telemetry.h
-- Installing: /home/rena/ros2_ws/install/custom_msgs/include/custom_msgs/custom_msgs/msg/commands.h
-- Up-to-date: /home/rena/ros2_ws/install/custom_msgs/share/custom_msgs/environment/library_path.sh
-- Up-to-date: /home/rena/ros2_ws/install/custom_msgs/share/custom_msgs/environment/library_path.dsv
-- Installing: /home/rena/ros2_ws/install/custom_msgs/lib/libcustom_msgs__rosidl_generator_c.so
-- Set non-toolchain portion of runtime path of "/home/rena/ros2_ws/install/custom_msgs/lib/libcustom_msgs__rosidl_generator_c.so" to ""
-- Up-to-date: /home/rena/ros2_ws/install/custom_msgs/include/custom_msgs/custom_msgs
-- Up-to-date: /home/rena/ros2_ws/install/custom_msgs/include/custom_msgs/custom_msgs/msg
-- Up-to-date: /home/rena/ros2_ws/install/custom_msgs/include/custom_msgs/custom_msgs/msg/detail
-- Installing: /home/rena/ros2_ws/install/custom_msgs/include/custom_msgs/custom_msgs/msg/detail/commands__rosidl_typesupport_fastrtps_c.h
-- Installing: /home/rena/ros2_ws/install/custom_msgs/include/custom_msgs/custom_msgs/msg/detail/telemetry__rosidl_typesupport_fastrtps_c.h
-- Up-to-date: /home/rena/ros2_ws/install/custom_msgs/include/custom_msgs/custom_msgs/msg/rosidl_typesupport_fastrtps_c__visibility_control.h
-- Installing: /home/rena/ros2_ws/install/custom_msgs/lib/libcustom_msgs__rosidl_typesupport_fastrtps_c.so
-- Set non-toolchain portion of runtime path of "/home/rena/ros2_ws/install/custom_msgs/lib/libcustom_msgs__rosidl_typesupport_fastrtps_c.so" to ""
-- Up-to-date: /home/rena/ros2_ws/install/custom_msgs/include/custom_msgs/custom_msgs
-- Up-to-date: /home/rena/ros2_ws/install/custom_msgs/include/custom_msgs/custom_msgs/msg
-- Up-to-date: /home/rena/ros2_ws/install/custom_msgs/include/custom_msgs/custom_msgs/msg/detail
-- Installing: /home/rena/ros2_ws/install/custom_msgs/include/custom_msgs/custom_msgs/msg/detail/commands__rosidl_typesupport_introspection_c.h
-- Up-to-date: /home/rena/ros2_ws/install/custom_msgs/include/custom_msgs/custom_msgs/msg/detail/telemetry__type_support.c
-- Installing: /home/rena/ros2_ws/install/custom_msgs/include/custom_msgs/custom_msgs/msg/detail/telemetry__rosidl_typesupport_introspection_c.h
-- Up-to-date: /home/rena/ros2_ws/install/custom_msgs/include/custom_msgs/custom_msgs/msg/detail/commands__type_support.c
-- Up-to-date: /home/rena/ros2_ws/install/custom_msgs/include/custom_msgs/custom_msgs/msg/rosidl_typesupport_introspection_c__visibility_control.h
-- Installing: /home/rena/ros2_ws/install/custom_msgs/lib/libcustom_msgs__rosidl_typesupport_introspection_c.so
-- Set non-toolchain portion of runtime path of "/home/rena/ros2_ws/install/custom_msgs/lib/libcustom_msgs__rosidl_typesupport_introspection_c.so" to ""
-- Installing: /home/rena/ros2_ws/install/custom_msgs/lib/libcustom_msgs__rosidl_typesupport_c.so
-- Set non-toolchain portion of runtime path of "/home/rena/ros2_ws/install/custom_msgs/lib/libcustom_msgs__rosidl_typesupport_c.so" to ""
-- Up-to-date: /home/rena/ros2_ws/install/custom_msgs/include/custom_msgs/custom_msgs
-- Up-to-date: /home/rena/ros2_ws/install/custom_msgs/include/custom_msgs/custom_msgs/msg
-- Up-to-date: /home/rena/ros2_ws/install/custom_msgs/include/custom_msgs/custom_msgs/msg/detail
-- Installing: /home/rena/ros2_ws/install/custom_msgs/include/custom_msgs/custom_msgs/msg/detail/telemetry__type_support.hpp
-- Installing: /home/rena/ros2_ws/install/custom_msgs/include/custom_msgs/custom_msgs/msg/detail/telemetry__traits.hpp
-- Installing: /home/rena/ros2_ws/install/custom_msgs/include/custom_msgs/custom_msgs/msg/detail/commands__builder.hpp
-- Installing: /home/rena/ros2_ws/install/custom_msgs/include/custom_msgs/custom_msgs/msg/detail/commands__traits.hpp
-- Installing: /home/rena/ros2_ws/install/custom_msgs/include/custom_msgs/custom_msgs/msg/detail/commands__type_support.hpp
-- Installing: /home/rena/ros2_ws/install/custom_msgs/include/custom_msgs/custom_msgs/msg/detail/telemetry__struct.hpp
-- Installing: /home/rena/ros2_ws/install/custom_msgs/include/custom_msgs/custom_msgs/msg/detail/commands__struct.hpp
-- Installing: /home/rena/ros2_ws/install/custom_msgs/include/custom_msgs/custom_msgs/msg/detail/telemetry__builder.hpp
-- Installing: /home/rena/ros2_ws/install/custom_msgs/include/custom_msgs/custom_msgs/msg/rosidl_generator_cpp__visibility_control.hpp
-- Installing: /home/rena/ros2_ws/install/custom_msgs/include/custom_msgs/custom_msgs/msg/telemetry.hpp
-- Installing: /home/rena/ros2_ws/install/custom_msgs/include/custom_msgs/custom_msgs/msg/commands.hpp
-- Up-to-date: /home/rena/ros2_ws/install/custom_msgs/include/custom_msgs/custom_msgs
-- Up-to-date: /home/rena/ros2_ws/install/custom_msgs/include/custom_msgs/custom_msgs/msg
-- Up-to-date: /home/rena/ros2_ws/install/custom_msgs/include/custom_msgs/custom_msgs/msg/detail
-- Installing: /home/rena/ros2_ws/install/custom_msgs/include/custom_msgs/custom_msgs/msg/detail/commands__rosidl_typesupport_fastrtps_cpp.hpp
-- Installing: /home/rena/ros2_ws/install/custom_msgs/include/custom_msgs/custom_msgs/msg/detail/telemetry__rosidl_typesupport_fastrtps_cpp.hpp
-- Up-to-date: /home/rena/ros2_ws/install/custom_msgs/include/custom_msgs/custom_msgs/msg/detail/dds_fastrtps
-- Up-to-date: /home/rena/ros2_ws/install/custom_msgs/include/custom_msgs/custom_msgs/msg/rosidl_typesupport_fastrtps_cpp__visibility_control.h
-- Installing: /home/rena/ros2_ws/install/custom_msgs/lib/libcustom_msgs__rosidl_typesupport_fastrtps_cpp.so
-- Set non-toolchain portion of runtime path of "/home/rena/ros2_ws/install/custom_msgs/lib/libcustom_msgs__rosidl_typesupport_fastrtps_cpp.so" to ""
-- Up-to-date: /home/rena/ros2_ws/install/custom_msgs/include/custom_msgs/custom_msgs
-- Up-to-date: /home/rena/ros2_ws/install/custom_msgs/include/custom_msgs/custom_msgs/msg
-- Up-to-date: /home/rena/ros2_ws/install/custom_msgs/include/custom_msgs/custom_msgs/msg/detail
-- Installing: /home/rena/ros2_ws/install/custom_msgs/include/custom_msgs/custom_msgs/msg/detail/commands__type_support.cpp
-- Installing: /home/rena/ros2_ws/install/custom_msgs/include/custom_msgs/custom_msgs/msg/detail/telemetry__rosidl_typesupport_introspection_cpp.hpp
-- Installing: /home/rena/ros2_ws/install/custom_msgs/include/custom_msgs/custom_msgs/msg/detail/commands__rosidl_typesupport_introspection_cpp.hpp
-- Installing: /home/rena/ros2_ws/install/custom_msgs/include/custom_msgs/custom_msgs/msg/detail/telemetry__type_support.cpp
-- Installing: /home/rena/ros2_ws/install/custom_msgs/lib/libcustom_msgs__rosidl_typesupport_introspection_cpp.so
-- Set non-toolchain portion of runtime path of "/home/rena/ros2_ws/install/custom_msgs/lib/libcustom_msgs__rosidl_typesupport_introspection_cpp.so" to ""
-- Installing: /home/rena/ros2_ws/install/custom_msgs/lib/libcustom_msgs__rosidl_typesupport_cpp.so
-- Set non-toolchain portion of runtime path of "/home/rena/ros2_ws/install/custom_msgs/lib/libcustom_msgs__rosidl_typesupport_cpp.so" to ""
-- Up-to-date: /home/rena/ros2_ws/install/custom_msgs/share/custom_msgs/environment/pythonpath.sh
-- Up-to-date: /home/rena/ros2_ws/install/custom_msgs/share/custom_msgs/environment/pythonpath.dsv
-- Up-to-date: /home/rena/ros2_ws/install/custom_msgs/lib/python3.12/site-packages/custom_msgs-0.0.0-py3.12.egg-info
-- Installing: /home/rena/ros2_ws/install/custom_msgs/lib/python3.12/site-packages/custom_msgs-0.0.0-py3.12.egg-info/top_level.txt
-- Installing: /home/rena/ros2_ws/install/custom_msgs/lib/python3.12/site-packages/custom_msgs-0.0.0-py3.12.egg-info/dependency_links.txt
-- Installing: /home/rena/ros2_ws/install/custom_msgs/lib/python3.12/site-packages/custom_msgs-0.0.0-py3.12.egg-info/PKG-INFO
-- Installing: /home/rena/ros2_ws/install/custom_msgs/lib/python3.12/site-packages/custom_msgs-0.0.0-py3.12.egg-info/SOURCES.txt
-- Up-to-date: /home/rena/ros2_ws/install/custom_msgs/lib/python3.12/site-packages/custom_msgs
-- Installing: /home/rena/ros2_ws/install/custom_msgs/lib/python3.12/site-packages/custom_msgs/__init__.py
-- Installing: /home/rena/ros2_ws/install/custom_msgs/lib/python3.12/site-packages/custom_msgs/custom_msgs_s__rosidl_typesupport_c.so
-- Installing: /home/rena/ros2_ws/install/custom_msgs/lib/python3.12/site-packages/custom_msgs/custom_msgs_s__rosidl_typesupport_fastrtps_c.so
-- Installing: /home/rena/ros2_ws/install/custom_msgs/lib/python3.12/site-packages/custom_msgs/custom_msgs_s__rosidl_typesupport_introspection_c.so
-- Installing: /home/rena/ros2_ws/install/custom_msgs/lib/python3.12/site-packages/custom_msgs/_custom_msgs_s.ep.rosidl_typesupport_c.c
-- Installing: /home/rena/ros2_ws/install/custom_msgs/lib/python3.12/site-packages/custom_msgs/_custom_msgs_s.ep.rosidl_typesupport_introspection_c.c
-- Installing: /home/rena/ros2_ws/install/custom_msgs/lib/python3.12/site-packages/custom_msgs/_custom_msgs_s.ep.rosidl_typesupport_fastrtps_c.c
-- Up-to-date: /home/rena/ros2_ws/install/custom_msgs/lib/python3.12/site-packages/custom_msgs/msg
-- Installing: /home/rena/ros2_ws/install/custom_msgs/lib/python3.12/site-packages/custom_msgs/msg/__init__.py
-- Installing: /home/rena/ros2_ws/install/custom_msgs/lib/python3.12/site-packages/custom_msgs/msg/_telemetry_s.c
-- Installing: /home/rena/ros2_ws/install/custom_msgs/lib/python3.12/site-packages/custom_msgs/msg/_telemetry.py
-- Installing: /home/rena/ros2_ws/install/custom_msgs/lib/python3.12/site-packages/custom_msgs/msg/_commands_s.c
-- Installing: /home/rena/ros2_ws/install/custom_msgs/lib/python3.12/site-packages/custom_msgs/msg/_commands.py
Listing '/home/rena/ros2_ws/install/custom_msgs/lib/python3.12/site-packages/custom_msgs'...
Compiling '/home/rena/ros2_ws/install/custom_msgs/lib/python3.12/site-packages/custom_msgs/__init__.py'...
Listing '/home/rena/ros2_ws/install/custom_msgs/lib/python3.12/site-packages/custom_msgs/msg'...
Compiling '/home/rena/ros2_ws/install/custom_msgs/lib/python3.12/site-packages/custom_msgs/msg/__init__.py'...
Compiling '/home/rena/ros2_ws/install/custom_msgs/lib/python3.12/site-packages/custom_msgs/msg/_commands.py'...
Compiling '/home/rena/ros2_ws/install/custom_msgs/lib/python3.12/site-packages/custom_msgs/msg/_telemetry.py'...
-- Installing: /home/rena/ros2_ws/install/custom_msgs/lib/python3.12/site-packages/custom_msgs/custom_msgs_s__rosidl_typesupport_fastrtps_c.so
-- Set non-toolchain portion of runtime path of "/home/rena/ros2_ws/install/custom_msgs/lib/python3.12/site-packages/custom_msgs/custom_msgs_s__rosidl_typesupport_fastrtps_c.so" to ""
-- Installing: /home/rena/ros2_ws/install/custom_msgs/lib/python3.12/site-packages/custom_msgs/custom_msgs_s__rosidl_typesupport_introspection_c.so
-- Set non-toolchain portion of runtime path of "/home/rena/ros2_ws/install/custom_msgs/lib/python3.12/site-packages/custom_msgs/custom_msgs_s__rosidl_typesupport_introspection_c.so" to ""
-- Installing: /home/rena/ros2_ws/install/custom_msgs/lib/python3.12/site-packages/custom_msgs/custom_msgs_s__rosidl_typesupport_c.so
-- Set non-toolchain portion of runtime path of "/home/rena/ros2_ws/install/custom_msgs/lib/python3.12/site-packages/custom_msgs/custom_msgs_s__rosidl_typesupport_c.so" to ""
-- Installing: /home/rena/ros2_ws/install/custom_msgs/lib/libcustom_msgs__rosidl_generator_py.so
-- Set non-toolchain portion of runtime path of "/home/rena/ros2_ws/install/custom_msgs/lib/libcustom_msgs__rosidl_generator_py.so" to ""
-- Installing: /home/rena/ros2_ws/install/custom_msgs/share/custom_msgs/msg/Commands.idl
-- Up-to-date: /home/rena/ros2_ws/install/custom_msgs/share/custom_msgs/msg/Telemetry.idl
-- Installing: /home/rena/ros2_ws/install/custom_msgs/share/custom_msgs/msg/Commands.msg
-- Up-to-date: /home/rena/ros2_ws/install/custom_msgs/share/custom_msgs/msg/Telemetry.msg
-- Up-to-date: /home/rena/ros2_ws/install/custom_msgs/share/ament_index/resource_index/package_run_dependencies/custom_msgs
-- Installing: /home/rena/ros2_ws/install/custom_msgs/share/ament_index/resource_index/parent_prefix_path/custom_msgs
-- Up-to-date: /home/rena/ros2_ws/install/custom_msgs/share/custom_msgs/environment/ament_prefix_path.sh
-- Up-to-date: /home/rena/ros2_ws/install/custom_msgs/share/custom_msgs/environment/ament_prefix_path.dsv
-- Up-to-date: /home/rena/ros2_ws/install/custom_msgs/share/custom_msgs/environment/path.sh
-- Up-to-date: /home/rena/ros2_ws/install/custom_msgs/share/custom_msgs/environment/path.dsv
-- Up-to-date: /home/rena/ros2_ws/install/custom_msgs/share/custom_msgs/local_setup.bash
-- Up-to-date: /home/rena/ros2_ws/install/custom_msgs/share/custom_msgs/local_setup.sh
-- Up-to-date: /home/rena/ros2_ws/install/custom_msgs/share/custom_msgs/local_setup.zsh
-- Up-to-date: /home/rena/ros2_ws/install/custom_msgs/share/custom_msgs/local_setup.dsv
-- Installing: /home/rena/ros2_ws/install/custom_msgs/share/custom_msgs/package.dsv
-- Up-to-date: /home/rena/ros2_ws/install/custom_msgs/share/ament_index/resource_index/packages/custom_msgs
-- Up-to-date: /home/rena/ros2_ws/install/custom_msgs/share/custom_msgs/cmake/export_custom_msgs__rosidl_generator_cExport.cmake
-- Up-to-date: /home/rena/ros2_ws/install/custom_msgs/share/custom_msgs/cmake/export_custom_msgs__rosidl_generator_cExport-noconfig.cmake
-- Up-to-date: /home/rena/ros2_ws/install/custom_msgs/share/custom_msgs/cmake/export_custom_msgs__rosidl_typesupport_fastrtps_cExport.cmake
-- Up-to-date: /home/rena/ros2_ws/install/custom_msgs/share/custom_msgs/cmake/export_custom_msgs__rosidl_typesupport_fastrtps_cExport-noconfig.cmake
-- Up-to-date: /home/rena/ros2_ws/install/custom_msgs/share/custom_msgs/cmake/custom_msgs__rosidl_typesupport_introspection_cExport.cmake
-- Up-to-date: /home/rena/ros2_ws/install/custom_msgs/share/custom_msgs/cmake/custom_msgs__rosidl_typesupport_introspection_cExport-noconfig.cmake
-- Up-to-date: /home/rena/ros2_ws/install/custom_msgs/share/custom_msgs/cmake/custom_msgs__rosidl_typesupport_cExport.cmake
-- Up-to-date: /home/rena/ros2_ws/install/custom_msgs/share/custom_msgs/cmake/custom_msgs__rosidl_typesupport_cExport-noconfig.cmake
-- Up-to-date: /home/rena/ros2_ws/install/custom_msgs/share/custom_msgs/cmake/export_custom_msgs__rosidl_generator_cppExport.cmake
-- Up-to-date: /home/rena/ros2_ws/install/custom_msgs/share/custom_msgs/cmake/export_custom_msgs__rosidl_typesupport_fastrtps_cppExport.cmake
-- Up-to-date: /home/rena/ros2_ws/install/custom_msgs/share/custom_msgs/cmake/export_custom_msgs__rosidl_typesupport_fastrtps_cppExport-noconfig.cmake
-- Up-to-date: /home/rena/ros2_ws/install/custom_msgs/share/custom_msgs/cmake/custom_msgs__rosidl_typesupport_introspection_cppExport.cmake
-- Up-to-date: /home/rena/ros2_ws/install/custom_msgs/share/custom_msgs/cmake/custom_msgs__rosidl_typesupport_introspection_cppExport-noconfig.cmake
-- Up-to-date: /home/rena/ros2_ws/install/custom_msgs/share/custom_msgs/cmake/custom_msgs__rosidl_typesupport_cppExport.cmake
-- Up-to-date: /home/rena/ros2_ws/install/custom_msgs/share/custom_msgs/cmake/custom_msgs__rosidl_typesupport_cppExport-noconfig.cmake
-- Up-to-date: /home/rena/ros2_ws/install/custom_msgs/share/custom_msgs/cmake/export_custom_msgs__rosidl_generator_pyExport.cmake
-- Up-to-date: /home/rena/ros2_ws/install/custom_msgs/share/custom_msgs/cmake/export_custom_msgs__rosidl_generator_pyExport-noconfig.cmake
-- Up-to-date: /home/rena/ros2_ws/install/custom_msgs/share/custom_msgs/cmake/rosidl_cmake-extras.cmake
-- Up-to-date: /home/rena/ros2_ws/install/custom_msgs/share/custom_msgs/cmake/ament_cmake_export_include_directories-extras.cmake
-- Up-to-date: /home/rena/ros2_ws/install/custom_msgs/share/custom_msgs/cmake/ament_cmake_export_libraries-extras.cmake
-- Up-to-date: /home/rena/ros2_ws/install/custom_msgs/share/custom_msgs/cmake/ament_cmake_export_targets-extras.cmake
-- Up-to-date: /home/rena/ros2_ws/install/custom_msgs/share/custom_msgs/cmake/rosidl_cmake_export_typesupport_targets-extras.cmake
-- Up-to-date: /home/rena/ros2_ws/install/custom_msgs/share/custom_msgs/cmake/ament_cmake_export_dependencies-extras.cmake
-- Up-to-date: /home/rena/ros2_ws/install/custom_msgs/share/custom_msgs/cmake/rosidl_cmake_export_typesupport_libraries-extras.cmake
-- Up-to-date: /home/rena/ros2_ws/install/custom_msgs/share/custom_msgs/cmake/custom_msgsConfig.cmake
-- Up-to-date: /home/rena/ros2_ws/install/custom_msgs/share/custom_msgs/cmake/custom_msgsConfig-version.cmake
-- Up-to-date: /home/rena/ros2_ws/install/custom_msgs/share/custom_msgs/package.xml
