[0.014s] Invoking command in '/home/rena/ros2_ws/build/custom_msgs': CMAKE_PREFIX_PATH=${CMAKE_PREFIX_PATH}:/opt/ros/jazzy DEBUGINFOD_URLS=https://debuginfod.ubuntu.com PS1=\[\e]0;\u@\h: \w\a\]${debian_chroot:+($debian_chroot)}\[\033[01;32m\]\u@\h\[\033[00m\]:\[\033[01;34m\]\w\[\033[00m\]\$ /usr/bin/cmake --build /home/rena/ros2_ws/build/custom_msgs -- -j12 -l12
[0.051s] -- Found ament_cmake: 2.5.4 (/opt/ros/jazzy/share/ament_cmake/cmake)
[0.085s] -- Found Python3: /usr/bin/python3 (found version "3.12.3") found components: Interpreter 
[0.189s] -- Found rosidl_default_generators: 1.6.0 (/opt/ros/jazzy/share/rosidl_default_generators/cmake)
[0.192s] -- Using all available rosidl_typesupport_c: rosidl_typesupport_fastrtps_c;rosidl_typesupport_introspection_c
[0.237s] -- Using all available rosidl_typesupport_cpp: rosidl_typesupport_fastrtps_cpp;rosidl_typesupport_introspection_cpp
[0.269s] -- Found rosidl_adapter: 4.6.6 (/opt/ros/jazzy/share/rosidl_adapter/cmake)
[0.271s] -- Found ament_lint_auto: 0.17.3 (/opt/ros/jazzy/share/ament_lint_auto/cmake)
[0.581s] -- Found ament_cmake_ros: 0.12.0 (/opt/ros/jazzy/share/ament_cmake_ros/cmake)
[0.701s] -- Using all available rosidl_typesupport_c: rosidl_typesupport_fastrtps_c;rosidl_typesupport_introspection_c
[0.856s] -- Using all available rosidl_typesupport_cpp: rosidl_typesupport_fastrtps_cpp;rosidl_typesupport_introspection_cpp
[0.857s] -- Found python_cmake_module: 0.11.1 (/opt/ros/jazzy/share/python_cmake_module/cmake)
[1.220s] -- Found Python3: /usr/bin/python3 (found version "3.12.3") found components: Interpreter Development NumPy Development.Module Development.Embed 
[1.232s] -- Added test 'lint_cmake' to check CMake code style
[1.233s] -- Added test 'xmllint' to check XML markup files
[1.237s] -- Configuring done (1.2s)
[1.268s] -- Generating done (0.0s)
[1.281s] -- Build files have been written to: /home/rena/ros2_ws/build/custom_msgs
[1.330s] [  2%] [34m[1mGenerating type hashes for ROS interfaces[0m
[1.344s] [  2%] Built target ament_cmake_python_copy_custom_msgs
[1.586s] [  2%] Built target custom_msgs__rosidl_generator_type_description
[1.592s] running egg_info
[1.601s] [  4%] [34m[1mGenerating C code for ROS interfaces[0m
[1.612s] writing custom_msgs.egg-info/PKG-INFO
[1.613s] writing dependency_links to custom_msgs.egg-info/dependency_links.txt
[1.613s] writing top-level names to custom_msgs.egg-info/top_level.txt
[1.617s] [  6%] [34m[1mGenerating C++ code for ROS interfaces[0m
[1.666s] reading manifest file 'custom_msgs.egg-info/SOURCES.txt'
[1.667s] writing manifest file 'custom_msgs.egg-info/SOURCES.txt'
[1.704s] [  6%] Built target ament_cmake_python_build_custom_msgs_egg
[1.933s] [  6%] Built target custom_msgs__cpp
[2.034s] [  9%] [32mBuilding C object CMakeFiles/custom_msgs__rosidl_generator_c.dir/rosidl_generator_c/custom_msgs/msg/detail/commands__description.c.o[0m
[2.038s] [ 11%] [32mBuilding C object CMakeFiles/custom_msgs__rosidl_generator_c.dir/rosidl_generator_c/custom_msgs/msg/detail/telemetry__functions.c.o[0m
[2.038s] [ 15%] [32mBuilding C object CMakeFiles/custom_msgs__rosidl_generator_c.dir/rosidl_generator_c/custom_msgs/msg/detail/commands__functions.c.o[0m
[2.038s] [ 15%] [32mBuilding C object CMakeFiles/custom_msgs__rosidl_generator_c.dir/rosidl_generator_c/custom_msgs/msg/detail/commands__type_support.c.o[0m
[2.038s] [ 18%] [32mBuilding C object CMakeFiles/custom_msgs__rosidl_generator_c.dir/rosidl_generator_c/custom_msgs/msg/detail/telemetry__description.c.o[0m
[2.039s] [ 20%] [32mBuilding C object CMakeFiles/custom_msgs__rosidl_generator_c.dir/rosidl_generator_c/custom_msgs/msg/detail/telemetry__type_support.c.o[0m
[2.122s] [ 22%] [32m[1mLinking C shared library libcustom_msgs__rosidl_generator_c.so[0m
[2.175s] [ 22%] Built target custom_msgs__rosidl_generator_c
[2.190s] [ 25%] [34m[1mGenerating C++ introspection for ROS interfaces[0m
[2.190s] [ 27%] [34m[1mGenerating C type support for eProsima Fast-RTPS[0m
[2.192s] [ 31%] [34m[1mGenerating C introspection for ROS interfaces[0m
[2.192s] [ 31%] [34m[1mGenerating C type support dispatch for ROS interfaces[0m
[2.193s] [ 34%] [34m[1mGenerating C++ type support dispatch for ROS interfaces[0m
[2.193s] [ 36%] [34m[1mGenerating C++ type support for eProsima Fast-RTPS[0m
[2.521s] [ 40%] [32mBuilding CXX object CMakeFiles/custom_msgs__rosidl_typesupport_c.dir/rosidl_typesupport_c/custom_msgs/msg/telemetry__type_support.cpp.o[0m
[2.521s] [ 40%] [32mBuilding CXX object CMakeFiles/custom_msgs__rosidl_typesupport_c.dir/rosidl_typesupport_c/custom_msgs/msg/commands__type_support.cpp.o[0m
[2.583s] [ 43%] [32mBuilding CXX object CMakeFiles/custom_msgs__rosidl_typesupport_fastrtps_c.dir/rosidl_typesupport_fastrtps_c/custom_msgs/msg/detail/commands__type_support_c.cpp.o[0m
[2.591s] [ 45%] [32mBuilding CXX object CMakeFiles/custom_msgs__rosidl_typesupport_fastrtps_c.dir/rosidl_typesupport_fastrtps_c/custom_msgs/msg/detail/telemetry__type_support_c.cpp.o[0m
[2.598s] [ 47%] [32m[1mLinking CXX shared library libcustom_msgs__rosidl_typesupport_c.so[0m
[2.631s] [ 50%] [32mBuilding CXX object CMakeFiles/custom_msgs__rosidl_typesupport_cpp.dir/rosidl_typesupport_cpp/custom_msgs/msg/commands__type_support.cpp.o[0m
[2.636s] [ 52%] [32mBuilding CXX object CMakeFiles/custom_msgs__rosidl_typesupport_cpp.dir/rosidl_typesupport_cpp/custom_msgs/msg/telemetry__type_support.cpp.o[0m
[2.665s] [ 52%] Built target custom_msgs__rosidl_typesupport_c
[2.748s] [ 54%] [32mBuilding C object CMakeFiles/custom_msgs__rosidl_typesupport_introspection_c.dir/rosidl_typesupport_introspection_c/custom_msgs/msg/detail/telemetry__type_support.c.o[0m
[2.752s] [ 59%] [32mBuilding CXX object CMakeFiles/custom_msgs__rosidl_typesupport_introspection_cpp.dir/rosidl_typesupport_introspection_cpp/custom_msgs/msg/detail/commands__type_support.cpp.o[0m
[2.753s] [ 59%] [32mBuilding CXX object CMakeFiles/custom_msgs__rosidl_typesupport_introspection_cpp.dir/rosidl_typesupport_introspection_cpp/custom_msgs/msg/detail/telemetry__type_support.cpp.o[0m
[2.755s] [ 61%] [32mBuilding C object CMakeFiles/custom_msgs__rosidl_typesupport_introspection_c.dir/rosidl_typesupport_introspection_c/custom_msgs/msg/detail/commands__type_support.c.o[0m
[2.831s] [ 63%] [32m[1mLinking C shared library libcustom_msgs__rosidl_typesupport_introspection_c.so[0m
[2.837s] [ 65%] [32mBuilding CXX object CMakeFiles/custom_msgs__rosidl_typesupport_fastrtps_cpp.dir/rosidl_typesupport_fastrtps_cpp/custom_msgs/msg/detail/dds_fastrtps/commands__type_support.cpp.o[0m
[2.837s] [ 68%] [32mBuilding CXX object CMakeFiles/custom_msgs__rosidl_typesupport_fastrtps_cpp.dir/rosidl_typesupport_fastrtps_cpp/custom_msgs/msg/detail/dds_fastrtps/telemetry__type_support.cpp.o[0m
[2.897s] [ 68%] Built target custom_msgs__rosidl_typesupport_introspection_c
[3.290s] [ 70%] [32m[1mLinking CXX shared library libcustom_msgs__rosidl_typesupport_cpp.so[0m
[3.295s] [ 72%] [32m[1mLinking CXX shared library libcustom_msgs__rosidl_typesupport_introspection_cpp.so[0m
[3.354s] [ 72%] Built target custom_msgs__rosidl_typesupport_cpp
[3.399s] [ 72%] Built target custom_msgs__rosidl_typesupport_introspection_cpp
[3.580s] [ 75%] [32m[1mLinking CXX shared library libcustom_msgs__rosidl_typesupport_fastrtps_c.so[0m
[3.623s] [ 77%] [32m[1mLinking CXX shared library libcustom_msgs__rosidl_typesupport_fastrtps_cpp.so[0m
[3.672s] [ 77%] Built target custom_msgs__rosidl_typesupport_fastrtps_c
[3.717s] [ 77%] Built target custom_msgs__rosidl_typesupport_fastrtps_cpp
[3.746s] [ 77%] Built target custom_msgs
[3.775s] [ 79%] [34m[1mGenerating Python code for ROS interfaces[0m
[4.185s] [ 79%] Built target custom_msgs__py
[4.224s] [ 81%] [32mBuilding C object CMakeFiles/custom_msgs__rosidl_generator_py.dir/rosidl_generator_py/custom_msgs/msg/_commands_s.c.o[0m
[4.224s] [ 84%] [32mBuilding C object CMakeFiles/custom_msgs__rosidl_generator_py.dir/rosidl_generator_py/custom_msgs/msg/_telemetry_s.c.o[0m
[4.375s] [ 86%] [32m[1mLinking C shared library libcustom_msgs__rosidl_generator_py.so[0m
[4.429s] [ 86%] Built target custom_msgs__rosidl_generator_py
[4.468s] [ 88%] [32mBuilding C object CMakeFiles/custom_msgs_s__rosidl_typesupport_fastrtps_c.dir/rosidl_generator_py/custom_msgs/_custom_msgs_s.ep.rosidl_typesupport_fastrtps_c.c.o[0m
[4.469s] [ 90%] [32mBuilding C object CMakeFiles/custom_msgs_s__rosidl_typesupport_introspection_c.dir/rosidl_generator_py/custom_msgs/_custom_msgs_s.ep.rosidl_typesupport_introspection_c.c.o[0m
[4.469s] [ 93%] [32mBuilding C object CMakeFiles/custom_msgs_s__rosidl_typesupport_c.dir/rosidl_generator_py/custom_msgs/_custom_msgs_s.ep.rosidl_typesupport_c.c.o[0m
[4.597s] [ 95%] [32m[1mLinking C shared module rosidl_generator_py/custom_msgs/custom_msgs_s__rosidl_typesupport_c.so[0m
[4.600s] [ 97%] [32m[1mLinking C shared module rosidl_generator_py/custom_msgs/custom_msgs_s__rosidl_typesupport_introspection_c.so[0m
[4.643s] [ 97%] Built target custom_msgs_s__rosidl_typesupport_c
[4.644s] [ 97%] Built target custom_msgs_s__rosidl_typesupport_introspection_c
[4.666s] [100%] [32m[1mLinking C shared module rosidl_generator_py/custom_msgs/custom_msgs_s__rosidl_typesupport_fastrtps_c.so[0m
[4.711s] [100%] Built target custom_msgs_s__rosidl_typesupport_fastrtps_c
[4.728s] Invoked command in '/home/rena/ros2_ws/build/custom_msgs' returned '0': CMAKE_PREFIX_PATH=${CMAKE_PREFIX_PATH}:/opt/ros/jazzy DEBUGINFOD_URLS=https://debuginfod.ubuntu.com PS1=\[\e]0;\u@\h: \w\a\]${debian_chroot:+($debian_chroot)}\[\033[01;32m\]\u@\h\[\033[00m\]:\[\033[01;34m\]\w\[\033[00m\]\$ /usr/bin/cmake --build /home/rena/ros2_ws/build/custom_msgs -- -j12 -l12
[4.743s] Invoking command in '/home/rena/ros2_ws/build/custom_msgs': CMAKE_PREFIX_PATH=${CMAKE_PREFIX_PATH}:/opt/ros/jazzy DEBUGINFOD_URLS=https://debuginfod.ubuntu.com PS1=\[\e]0;\u@\h: \w\a\]${debian_chroot:+($debian_chroot)}\[\033[01;32m\]\u@\h\[\033[00m\]:\[\033[01;34m\]\w\[\033[00m\]\$ /usr/bin/cmake --install /home/rena/ros2_ws/build/custom_msgs
[4.755s] -- Install configuration: ""
[4.755s] -- Up-to-date: /home/rena/ros2_ws/install/custom_msgs/share/ament_index/resource_index/rosidl_interfaces/custom_msgs
[4.755s] -- Installing: /home/rena/ros2_ws/install/custom_msgs/share/custom_msgs/msg/Commands.json
[4.756s] -- Installing: /home/rena/ros2_ws/install/custom_msgs/share/custom_msgs/msg/Telemetry.json
[4.756s] -- Up-to-date: /home/rena/ros2_ws/install/custom_msgs/include/custom_msgs/custom_msgs
[4.756s] -- Up-to-date: /home/rena/ros2_ws/install/custom_msgs/include/custom_msgs/custom_msgs/msg
[4.756s] -- Up-to-date: /home/rena/ros2_ws/install/custom_msgs/include/custom_msgs/custom_msgs/msg/detail
[4.756s] -- Installing: /home/rena/ros2_ws/install/custom_msgs/include/custom_msgs/custom_msgs/msg/detail/telemetry__functions.h
[4.757s] -- Installing: /home/rena/ros2_ws/install/custom_msgs/include/custom_msgs/custom_msgs/msg/detail/commands__functions.c
[4.757s] -- Installing: /home/rena/ros2_ws/install/custom_msgs/include/custom_msgs/custom_msgs/msg/detail/telemetry__type_support.h
[4.757s] -- Installing: /home/rena/ros2_ws/install/custom_msgs/include/custom_msgs/custom_msgs/msg/detail/commands__struct.h
[4.757s] -- Installing: /home/rena/ros2_ws/install/custom_msgs/include/custom_msgs/custom_msgs/msg/detail/telemetry__type_support.c
[4.757s] -- Installing: /home/rena/ros2_ws/install/custom_msgs/include/custom_msgs/custom_msgs/msg/detail/commands__type_support.h
[4.757s] -- Installing: /home/rena/ros2_ws/install/custom_msgs/include/custom_msgs/custom_msgs/msg/detail/telemetry__functions.c
[4.757s] -- Installing: /home/rena/ros2_ws/install/custom_msgs/include/custom_msgs/custom_msgs/msg/detail/telemetry__struct.h
[4.758s] -- Installing: /home/rena/ros2_ws/install/custom_msgs/include/custom_msgs/custom_msgs/msg/detail/commands__description.c
[4.758s] -- Installing: /home/rena/ros2_ws/install/custom_msgs/include/custom_msgs/custom_msgs/msg/detail/telemetry__description.c
[4.758s] -- Installing: /home/rena/ros2_ws/install/custom_msgs/include/custom_msgs/custom_msgs/msg/detail/commands__functions.h
[4.758s] -- Installing: /home/rena/ros2_ws/install/custom_msgs/include/custom_msgs/custom_msgs/msg/detail/commands__type_support.c
[4.758s] -- Up-to-date: /home/rena/ros2_ws/install/custom_msgs/include/custom_msgs/custom_msgs/msg/rosidl_generator_c__visibility_control.h
[4.758s] -- Installing: /home/rena/ros2_ws/install/custom_msgs/include/custom_msgs/custom_msgs/msg/telemetry.h
[4.759s] -- Installing: /home/rena/ros2_ws/install/custom_msgs/include/custom_msgs/custom_msgs/msg/commands.h
[4.759s] -- Up-to-date: /home/rena/ros2_ws/install/custom_msgs/share/custom_msgs/environment/library_path.sh
[4.759s] -- Up-to-date: /home/rena/ros2_ws/install/custom_msgs/share/custom_msgs/environment/library_path.dsv
[4.759s] -- Installing: /home/rena/ros2_ws/install/custom_msgs/lib/libcustom_msgs__rosidl_generator_c.so
[4.759s] -- Set non-toolchain portion of runtime path of "/home/rena/ros2_ws/install/custom_msgs/lib/libcustom_msgs__rosidl_generator_c.so" to ""
[4.759s] -- Up-to-date: /home/rena/ros2_ws/install/custom_msgs/include/custom_msgs/custom_msgs
[4.760s] -- Up-to-date: /home/rena/ros2_ws/install/custom_msgs/include/custom_msgs/custom_msgs/msg
[4.760s] -- Up-to-date: /home/rena/ros2_ws/install/custom_msgs/include/custom_msgs/custom_msgs/msg/detail
[4.760s] -- Installing: /home/rena/ros2_ws/install/custom_msgs/include/custom_msgs/custom_msgs/msg/detail/commands__rosidl_typesupport_fastrtps_c.h
[4.760s] -- Installing: /home/rena/ros2_ws/install/custom_msgs/include/custom_msgs/custom_msgs/msg/detail/telemetry__rosidl_typesupport_fastrtps_c.h
[4.760s] -- Up-to-date: /home/rena/ros2_ws/install/custom_msgs/include/custom_msgs/custom_msgs/msg/rosidl_typesupport_fastrtps_c__visibility_control.h
[4.760s] -- Installing: /home/rena/ros2_ws/install/custom_msgs/lib/libcustom_msgs__rosidl_typesupport_fastrtps_c.so
[4.760s] -- Set non-toolchain portion of runtime path of "/home/rena/ros2_ws/install/custom_msgs/lib/libcustom_msgs__rosidl_typesupport_fastrtps_c.so" to ""
[4.761s] -- Up-to-date: /home/rena/ros2_ws/install/custom_msgs/include/custom_msgs/custom_msgs
[4.761s] -- Up-to-date: /home/rena/ros2_ws/install/custom_msgs/include/custom_msgs/custom_msgs/msg
[4.761s] -- Up-to-date: /home/rena/ros2_ws/install/custom_msgs/include/custom_msgs/custom_msgs/msg/detail
[4.761s] -- Installing: /home/rena/ros2_ws/install/custom_msgs/include/custom_msgs/custom_msgs/msg/detail/commands__rosidl_typesupport_introspection_c.h
[4.761s] -- Up-to-date: /home/rena/ros2_ws/install/custom_msgs/include/custom_msgs/custom_msgs/msg/detail/telemetry__type_support.c
[4.761s] -- Installing: /home/rena/ros2_ws/install/custom_msgs/include/custom_msgs/custom_msgs/msg/detail/telemetry__rosidl_typesupport_introspection_c.h
[4.762s] -- Up-to-date: /home/rena/ros2_ws/install/custom_msgs/include/custom_msgs/custom_msgs/msg/detail/commands__type_support.c
[4.762s] -- Up-to-date: /home/rena/ros2_ws/install/custom_msgs/include/custom_msgs/custom_msgs/msg/rosidl_typesupport_introspection_c__visibility_control.h
[4.762s] -- Installing: /home/rena/ros2_ws/install/custom_msgs/lib/libcustom_msgs__rosidl_typesupport_introspection_c.so
[4.762s] -- Set non-toolchain portion of runtime path of "/home/rena/ros2_ws/install/custom_msgs/lib/libcustom_msgs__rosidl_typesupport_introspection_c.so" to ""
[4.762s] -- Installing: /home/rena/ros2_ws/install/custom_msgs/lib/libcustom_msgs__rosidl_typesupport_c.so
[4.762s] -- Set non-toolchain portion of runtime path of "/home/rena/ros2_ws/install/custom_msgs/lib/libcustom_msgs__rosidl_typesupport_c.so" to ""
[4.763s] -- Up-to-date: /home/rena/ros2_ws/install/custom_msgs/include/custom_msgs/custom_msgs
[4.763s] -- Up-to-date: /home/rena/ros2_ws/install/custom_msgs/include/custom_msgs/custom_msgs/msg
[4.763s] -- Up-to-date: /home/rena/ros2_ws/install/custom_msgs/include/custom_msgs/custom_msgs/msg/detail
[4.763s] -- Installing: /home/rena/ros2_ws/install/custom_msgs/include/custom_msgs/custom_msgs/msg/detail/telemetry__type_support.hpp
[4.763s] -- Installing: /home/rena/ros2_ws/install/custom_msgs/include/custom_msgs/custom_msgs/msg/detail/telemetry__traits.hpp
[4.763s] -- Installing: /home/rena/ros2_ws/install/custom_msgs/include/custom_msgs/custom_msgs/msg/detail/commands__builder.hpp
[4.764s] -- Installing: /home/rena/ros2_ws/install/custom_msgs/include/custom_msgs/custom_msgs/msg/detail/commands__traits.hpp
[4.764s] -- Installing: /home/rena/ros2_ws/install/custom_msgs/include/custom_msgs/custom_msgs/msg/detail/commands__type_support.hpp
[4.764s] -- Installing: /home/rena/ros2_ws/install/custom_msgs/include/custom_msgs/custom_msgs/msg/detail/telemetry__struct.hpp
[4.764s] -- Installing: /home/rena/ros2_ws/install/custom_msgs/include/custom_msgs/custom_msgs/msg/detail/commands__struct.hpp
[4.764s] -- Installing: /home/rena/ros2_ws/install/custom_msgs/include/custom_msgs/custom_msgs/msg/detail/telemetry__builder.hpp
[4.764s] -- Installing: /home/rena/ros2_ws/install/custom_msgs/include/custom_msgs/custom_msgs/msg/rosidl_generator_cpp__visibility_control.hpp
[4.764s] -- Installing: /home/rena/ros2_ws/install/custom_msgs/include/custom_msgs/custom_msgs/msg/telemetry.hpp
[4.765s] -- Installing: /home/rena/ros2_ws/install/custom_msgs/include/custom_msgs/custom_msgs/msg/commands.hpp
[4.765s] -- Up-to-date: /home/rena/ros2_ws/install/custom_msgs/include/custom_msgs/custom_msgs
[4.765s] -- Up-to-date: /home/rena/ros2_ws/install/custom_msgs/include/custom_msgs/custom_msgs/msg
[4.765s] -- Up-to-date: /home/rena/ros2_ws/install/custom_msgs/include/custom_msgs/custom_msgs/msg/detail
[4.765s] -- Installing: /home/rena/ros2_ws/install/custom_msgs/include/custom_msgs/custom_msgs/msg/detail/commands__rosidl_typesupport_fastrtps_cpp.hpp
[4.765s] -- Installing: /home/rena/ros2_ws/install/custom_msgs/include/custom_msgs/custom_msgs/msg/detail/telemetry__rosidl_typesupport_fastrtps_cpp.hpp
[4.765s] -- Up-to-date: /home/rena/ros2_ws/install/custom_msgs/include/custom_msgs/custom_msgs/msg/detail/dds_fastrtps
[4.765s] -- Up-to-date: /home/rena/ros2_ws/install/custom_msgs/include/custom_msgs/custom_msgs/msg/rosidl_typesupport_fastrtps_cpp__visibility_control.h
[4.766s] -- Installing: /home/rena/ros2_ws/install/custom_msgs/lib/libcustom_msgs__rosidl_typesupport_fastrtps_cpp.so
[4.766s] -- Set non-toolchain portion of runtime path of "/home/rena/ros2_ws/install/custom_msgs/lib/libcustom_msgs__rosidl_typesupport_fastrtps_cpp.so" to ""
[4.766s] -- Up-to-date: /home/rena/ros2_ws/install/custom_msgs/include/custom_msgs/custom_msgs
[4.766s] -- Up-to-date: /home/rena/ros2_ws/install/custom_msgs/include/custom_msgs/custom_msgs/msg
[4.766s] -- Up-to-date: /home/rena/ros2_ws/install/custom_msgs/include/custom_msgs/custom_msgs/msg/detail
[4.766s] -- Installing: /home/rena/ros2_ws/install/custom_msgs/include/custom_msgs/custom_msgs/msg/detail/commands__type_support.cpp
[4.766s] -- Installing: /home/rena/ros2_ws/install/custom_msgs/include/custom_msgs/custom_msgs/msg/detail/telemetry__rosidl_typesupport_introspection_cpp.hpp
[4.766s] -- Installing: /home/rena/ros2_ws/install/custom_msgs/include/custom_msgs/custom_msgs/msg/detail/commands__rosidl_typesupport_introspection_cpp.hpp
[4.766s] -- Installing: /home/rena/ros2_ws/install/custom_msgs/include/custom_msgs/custom_msgs/msg/detail/telemetry__type_support.cpp
[4.766s] -- Installing: /home/rena/ros2_ws/install/custom_msgs/lib/libcustom_msgs__rosidl_typesupport_introspection_cpp.so
[4.766s] -- Set non-toolchain portion of runtime path of "/home/rena/ros2_ws/install/custom_msgs/lib/libcustom_msgs__rosidl_typesupport_introspection_cpp.so" to ""
[4.766s] -- Installing: /home/rena/ros2_ws/install/custom_msgs/lib/libcustom_msgs__rosidl_typesupport_cpp.so
[4.766s] -- Set non-toolchain portion of runtime path of "/home/rena/ros2_ws/install/custom_msgs/lib/libcustom_msgs__rosidl_typesupport_cpp.so" to ""
[4.766s] -- Up-to-date: /home/rena/ros2_ws/install/custom_msgs/share/custom_msgs/environment/pythonpath.sh
[4.767s] -- Up-to-date: /home/rena/ros2_ws/install/custom_msgs/share/custom_msgs/environment/pythonpath.dsv
[4.767s] -- Up-to-date: /home/rena/ros2_ws/install/custom_msgs/lib/python3.12/site-packages/custom_msgs-0.0.0-py3.12.egg-info
[4.767s] -- Installing: /home/rena/ros2_ws/install/custom_msgs/lib/python3.12/site-packages/custom_msgs-0.0.0-py3.12.egg-info/top_level.txt
[4.767s] -- Installing: /home/rena/ros2_ws/install/custom_msgs/lib/python3.12/site-packages/custom_msgs-0.0.0-py3.12.egg-info/dependency_links.txt
[4.767s] -- Installing: /home/rena/ros2_ws/install/custom_msgs/lib/python3.12/site-packages/custom_msgs-0.0.0-py3.12.egg-info/PKG-INFO
[4.767s] -- Installing: /home/rena/ros2_ws/install/custom_msgs/lib/python3.12/site-packages/custom_msgs-0.0.0-py3.12.egg-info/SOURCES.txt
[4.767s] -- Up-to-date: /home/rena/ros2_ws/install/custom_msgs/lib/python3.12/site-packages/custom_msgs
[4.767s] -- Installing: /home/rena/ros2_ws/install/custom_msgs/lib/python3.12/site-packages/custom_msgs/__init__.py
[4.767s] -- Installing: /home/rena/ros2_ws/install/custom_msgs/lib/python3.12/site-packages/custom_msgs/custom_msgs_s__rosidl_typesupport_c.so
[4.767s] -- Installing: /home/rena/ros2_ws/install/custom_msgs/lib/python3.12/site-packages/custom_msgs/custom_msgs_s__rosidl_typesupport_fastrtps_c.so
[4.767s] -- Installing: /home/rena/ros2_ws/install/custom_msgs/lib/python3.12/site-packages/custom_msgs/custom_msgs_s__rosidl_typesupport_introspection_c.so
[4.767s] -- Installing: /home/rena/ros2_ws/install/custom_msgs/lib/python3.12/site-packages/custom_msgs/_custom_msgs_s.ep.rosidl_typesupport_c.c
[4.767s] -- Installing: /home/rena/ros2_ws/install/custom_msgs/lib/python3.12/site-packages/custom_msgs/_custom_msgs_s.ep.rosidl_typesupport_introspection_c.c
[4.767s] -- Installing: /home/rena/ros2_ws/install/custom_msgs/lib/python3.12/site-packages/custom_msgs/_custom_msgs_s.ep.rosidl_typesupport_fastrtps_c.c
[4.767s] -- Up-to-date: /home/rena/ros2_ws/install/custom_msgs/lib/python3.12/site-packages/custom_msgs/msg
[4.768s] -- Installing: /home/rena/ros2_ws/install/custom_msgs/lib/python3.12/site-packages/custom_msgs/msg/__init__.py
[4.768s] -- Installing: /home/rena/ros2_ws/install/custom_msgs/lib/python3.12/site-packages/custom_msgs/msg/_telemetry_s.c
[4.768s] -- Installing: /home/rena/ros2_ws/install/custom_msgs/lib/python3.12/site-packages/custom_msgs/msg/_telemetry.py
[4.768s] -- Installing: /home/rena/ros2_ws/install/custom_msgs/lib/python3.12/site-packages/custom_msgs/msg/_commands_s.c
[4.768s] -- Installing: /home/rena/ros2_ws/install/custom_msgs/lib/python3.12/site-packages/custom_msgs/msg/_commands.py
[4.821s] Listing '/home/rena/ros2_ws/install/custom_msgs/lib/python3.12/site-packages/custom_msgs'...
[4.822s] Compiling '/home/rena/ros2_ws/install/custom_msgs/lib/python3.12/site-packages/custom_msgs/__init__.py'...
[4.822s] Listing '/home/rena/ros2_ws/install/custom_msgs/lib/python3.12/site-packages/custom_msgs/msg'...
[4.822s] Compiling '/home/rena/ros2_ws/install/custom_msgs/lib/python3.12/site-packages/custom_msgs/msg/__init__.py'...
[4.822s] Compiling '/home/rena/ros2_ws/install/custom_msgs/lib/python3.12/site-packages/custom_msgs/msg/_commands.py'...
[4.822s] Compiling '/home/rena/ros2_ws/install/custom_msgs/lib/python3.12/site-packages/custom_msgs/msg/_telemetry.py'...
[4.830s] -- Installing: /home/rena/ros2_ws/install/custom_msgs/lib/python3.12/site-packages/custom_msgs/custom_msgs_s__rosidl_typesupport_fastrtps_c.so
[4.831s] -- Set non-toolchain portion of runtime path of "/home/rena/ros2_ws/install/custom_msgs/lib/python3.12/site-packages/custom_msgs/custom_msgs_s__rosidl_typesupport_fastrtps_c.so" to ""
[4.831s] -- Installing: /home/rena/ros2_ws/install/custom_msgs/lib/python3.12/site-packages/custom_msgs/custom_msgs_s__rosidl_typesupport_introspection_c.so
[4.831s] -- Set non-toolchain portion of runtime path of "/home/rena/ros2_ws/install/custom_msgs/lib/python3.12/site-packages/custom_msgs/custom_msgs_s__rosidl_typesupport_introspection_c.so" to ""
[4.831s] -- Installing: /home/rena/ros2_ws/install/custom_msgs/lib/python3.12/site-packages/custom_msgs/custom_msgs_s__rosidl_typesupport_c.so
[4.831s] -- Set non-toolchain portion of runtime path of "/home/rena/ros2_ws/install/custom_msgs/lib/python3.12/site-packages/custom_msgs/custom_msgs_s__rosidl_typesupport_c.so" to ""
[4.831s] -- Installing: /home/rena/ros2_ws/install/custom_msgs/lib/libcustom_msgs__rosidl_generator_py.so
[4.831s] -- Set non-toolchain portion of runtime path of "/home/rena/ros2_ws/install/custom_msgs/lib/libcustom_msgs__rosidl_generator_py.so" to ""
[4.831s] -- Installing: /home/rena/ros2_ws/install/custom_msgs/share/custom_msgs/msg/Commands.idl
[4.832s] -- Up-to-date: /home/rena/ros2_ws/install/custom_msgs/share/custom_msgs/msg/Telemetry.idl
[4.832s] -- Installing: /home/rena/ros2_ws/install/custom_msgs/share/custom_msgs/msg/Commands.msg
[4.832s] -- Up-to-date: /home/rena/ros2_ws/install/custom_msgs/share/custom_msgs/msg/Telemetry.msg
[4.832s] -- Up-to-date: /home/rena/ros2_ws/install/custom_msgs/share/ament_index/resource_index/package_run_dependencies/custom_msgs
[4.832s] -- Installing: /home/rena/ros2_ws/install/custom_msgs/share/ament_index/resource_index/parent_prefix_path/custom_msgs
[4.832s] -- Up-to-date: /home/rena/ros2_ws/install/custom_msgs/share/custom_msgs/environment/ament_prefix_path.sh
[4.832s] -- Up-to-date: /home/rena/ros2_ws/install/custom_msgs/share/custom_msgs/environment/ament_prefix_path.dsv
[4.832s] -- Up-to-date: /home/rena/ros2_ws/install/custom_msgs/share/custom_msgs/environment/path.sh
[4.832s] -- Up-to-date: /home/rena/ros2_ws/install/custom_msgs/share/custom_msgs/environment/path.dsv
[4.832s] -- Up-to-date: /home/rena/ros2_ws/install/custom_msgs/share/custom_msgs/local_setup.bash
[4.832s] -- Up-to-date: /home/rena/ros2_ws/install/custom_msgs/share/custom_msgs/local_setup.sh
[4.832s] -- Up-to-date: /home/rena/ros2_ws/install/custom_msgs/share/custom_msgs/local_setup.zsh
[4.832s] -- Up-to-date: /home/rena/ros2_ws/install/custom_msgs/share/custom_msgs/local_setup.dsv
[4.833s] -- Installing: /home/rena/ros2_ws/install/custom_msgs/share/custom_msgs/package.dsv
[4.833s] -- Up-to-date: /home/rena/ros2_ws/install/custom_msgs/share/ament_index/resource_index/packages/custom_msgs
[4.833s] -- Up-to-date: /home/rena/ros2_ws/install/custom_msgs/share/custom_msgs/cmake/export_custom_msgs__rosidl_generator_cExport.cmake
[4.833s] -- Up-to-date: /home/rena/ros2_ws/install/custom_msgs/share/custom_msgs/cmake/export_custom_msgs__rosidl_generator_cExport-noconfig.cmake
[4.833s] -- Up-to-date: /home/rena/ros2_ws/install/custom_msgs/share/custom_msgs/cmake/export_custom_msgs__rosidl_typesupport_fastrtps_cExport.cmake
[4.833s] -- Up-to-date: /home/rena/ros2_ws/install/custom_msgs/share/custom_msgs/cmake/export_custom_msgs__rosidl_typesupport_fastrtps_cExport-noconfig.cmake
[4.833s] -- Up-to-date: /home/rena/ros2_ws/install/custom_msgs/share/custom_msgs/cmake/custom_msgs__rosidl_typesupport_introspection_cExport.cmake
[4.833s] -- Up-to-date: /home/rena/ros2_ws/install/custom_msgs/share/custom_msgs/cmake/custom_msgs__rosidl_typesupport_introspection_cExport-noconfig.cmake
[4.833s] -- Up-to-date: /home/rena/ros2_ws/install/custom_msgs/share/custom_msgs/cmake/custom_msgs__rosidl_typesupport_cExport.cmake
[4.833s] -- Up-to-date: /home/rena/ros2_ws/install/custom_msgs/share/custom_msgs/cmake/custom_msgs__rosidl_typesupport_cExport-noconfig.cmake
[4.833s] -- Up-to-date: /home/rena/ros2_ws/install/custom_msgs/share/custom_msgs/cmake/export_custom_msgs__rosidl_generator_cppExport.cmake
[4.833s] -- Up-to-date: /home/rena/ros2_ws/install/custom_msgs/share/custom_msgs/cmake/export_custom_msgs__rosidl_typesupport_fastrtps_cppExport.cmake
[4.833s] -- Up-to-date: /home/rena/ros2_ws/install/custom_msgs/share/custom_msgs/cmake/export_custom_msgs__rosidl_typesupport_fastrtps_cppExport-noconfig.cmake
[4.834s] -- Up-to-date: /home/rena/ros2_ws/install/custom_msgs/share/custom_msgs/cmake/custom_msgs__rosidl_typesupport_introspection_cppExport.cmake
[4.834s] -- Up-to-date: /home/rena/ros2_ws/install/custom_msgs/share/custom_msgs/cmake/custom_msgs__rosidl_typesupport_introspection_cppExport-noconfig.cmake
[4.834s] -- Up-to-date: /home/rena/ros2_ws/install/custom_msgs/share/custom_msgs/cmake/custom_msgs__rosidl_typesupport_cppExport.cmake
[4.834s] -- Up-to-date: /home/rena/ros2_ws/install/custom_msgs/share/custom_msgs/cmake/custom_msgs__rosidl_typesupport_cppExport-noconfig.cmake
[4.834s] -- Up-to-date: /home/rena/ros2_ws/install/custom_msgs/share/custom_msgs/cmake/export_custom_msgs__rosidl_generator_pyExport.cmake
[4.834s] -- Up-to-date: /home/rena/ros2_ws/install/custom_msgs/share/custom_msgs/cmake/export_custom_msgs__rosidl_generator_pyExport-noconfig.cmake
[4.834s] -- Up-to-date: /home/rena/ros2_ws/install/custom_msgs/share/custom_msgs/cmake/rosidl_cmake-extras.cmake
[4.834s] -- Up-to-date: /home/rena/ros2_ws/install/custom_msgs/share/custom_msgs/cmake/ament_cmake_export_include_directories-extras.cmake
[4.834s] -- Up-to-date: /home/rena/ros2_ws/install/custom_msgs/share/custom_msgs/cmake/ament_cmake_export_libraries-extras.cmake
[4.834s] -- Up-to-date: /home/rena/ros2_ws/install/custom_msgs/share/custom_msgs/cmake/ament_cmake_export_targets-extras.cmake
[4.834s] -- Up-to-date: /home/rena/ros2_ws/install/custom_msgs/share/custom_msgs/cmake/rosidl_cmake_export_typesupport_targets-extras.cmake
[4.834s] -- Up-to-date: /home/rena/ros2_ws/install/custom_msgs/share/custom_msgs/cmake/ament_cmake_export_dependencies-extras.cmake
[4.834s] -- Up-to-date: /home/rena/ros2_ws/install/custom_msgs/share/custom_msgs/cmake/rosidl_cmake_export_typesupport_libraries-extras.cmake
[4.834s] -- Up-to-date: /home/rena/ros2_ws/install/custom_msgs/share/custom_msgs/cmake/custom_msgsConfig.cmake
[4.834s] -- Up-to-date: /home/rena/ros2_ws/install/custom_msgs/share/custom_msgs/cmake/custom_msgsConfig-version.cmake
[4.834s] -- Up-to-date: /home/rena/ros2_ws/install/custom_msgs/share/custom_msgs/package.xml
[4.836s] Invoked command in '/home/rena/ros2_ws/build/custom_msgs' returned '0': CMAKE_PREFIX_PATH=${CMAKE_PREFIX_PATH}:/opt/ros/jazzy DEBUGINFOD_URLS=https://debuginfod.ubuntu.com PS1=\[\e]0;\u@\h: \w\a\]${debian_chroot:+($debian_chroot)}\[\033[01;32m\]\u@\h\[\033[00m\]:\[\033[01;34m\]\w\[\033[00m\]\$ /usr/bin/cmake --install /home/rena/ros2_ws/build/custom_msgs
